<?xml version="1.0" encoding="UTF-8"?>
<testsuites name="TestSuiteLogin" time="46" tests="1" failures="2" errors="0">
   <testsuite name="TestSuiteLogin" tests="1" failures="2" errors="0" time="46" timestamp="2018-05-10 16:44:21" hostname="LNV - DESKTOP-OR7KM58.mshome.net" id="Test Suites/TestSuiteLogin">
      <properties>
         <property name="deviceName" value=""/>
         <property name="devicePlatform" value=""/>
         <property name="logFolder" value="C:\\Users\\LNV\\Katalon Studio\\234project-katalon\\Reports\\TestSuiteLogin\\20180510_164419"/>
         <property name="logFiles" value="C:\\Users\\LNV\\Katalon Studio\\234project-katalon\\Reports\\TestSuiteLogin\\20180510_164419\\execution0.log"/>
         <property name="attachments" value=""/>
         <property name="hostName" value="LNV - DESKTOP-OR7KM58.mshome.net"/>
         <property name="os" value="Windows 10 64bit"/>
         <property name="katalonVersion" value="5.4.1.1"/>
         <property name="browser" value="Chrome 66.0.3359.139"/>
         <property name="hostAddress" value="172.20.241.177"/>
         <property name="sessionId" value="946f4399f06f68318006ac9bc2abaca1"/>
         <property name="seleniumVersion" value="3.7.1"/>
         <property name="proxyInformation" value="ProxyInformation{proxyOption=NO_PROXY, proxyServerType=HTTP, password=, proxyServerAddress=, proxyServerPort=0}"/>
         <property name="platform" value="Windows 10"/>
      </properties>
      <testcase name="Test Cases/TestCaseLoginUser" classname="Test Cases/TestCaseLoginUser" status="PASSED">
         <system-out><![CDATA[2018-05-10 16:44:22 - [TEST_CASE][PASSED] - Test Cases/TestCaseLoginUser: Test Cases/TestCaseLoginUser

2018-05-10 16:44:22 - [TEST_STEP][PASSED] - openBrowser: Browser is opened with url: ''

2018-05-10 16:44:28 - [MESSAGE][PASSED] - Browser is opened with url: ''

2018-05-10 16:44:28 - [TEST_STEP][PASSED] - navigateToUrl: Navigate to 'http://54.186.33.226:2222/' successfully

2018-05-10 16:44:37 - [MESSAGE][PASSED] - Navigate to 'http://54.186.33.226:2222/' successfully

2018-05-10 16:44:37 - [TEST_STEP][PASSED] - setText: Text 'user' is set on object 'Object Repository/LoginUser/Page_ProjectBackend/input_username'

2018-05-10 16:44:37 - [MESSAGE][PASSED] - Text 'user' is set on object 'Object Repository/LoginUser/Page_ProjectBackend/input_username'

2018-05-10 16:44:37 - [TEST_STEP][PASSED] - setText: Text 'user' is set on object 'Object Repository/LoginUser/Page_ProjectBackend/input_password'

2018-05-10 16:44:37 - [MESSAGE][PASSED] - Text 'user' is set on object 'Object Repository/LoginUser/Page_ProjectBackend/input_password'

2018-05-10 16:44:37 - [TEST_STEP][PASSED] - click: Object: 'Object Repository/LoginUser/Page_ProjectBackend/button_Login' is clicked on

2018-05-10 16:44:37 - [MESSAGE][PASSED] - Object: 'Object Repository/LoginUser/Page_ProjectBackend/button_Login' is clicked on

2018-05-10 16:44:37 - [TEST_STEP][PASSED] - click: Object: 'Object Repository/LoginUser/Page_ProjectBackend/a_Products' is clicked on

2018-05-10 16:44:39 - [MESSAGE][PASSED] - Object: 'Object Repository/LoginUser/Page_ProjectBackend/a_Products' is clicked on

2018-05-10 16:44:39 - [TEST_STEP][PASSED] - click: Object: 'Object Repository/LoginUser/Page_ProjectBackend/a_Carts' is clicked on

2018-05-10 16:44:39 - [MESSAGE][PASSED] - Object: 'Object Repository/LoginUser/Page_ProjectBackend/a_Carts' is clicked on

2018-05-10 16:44:39 - [TEST_STEP][PASSED] - click: Object: 'Object Repository/LoginUser/Page_ProjectBackend/button_Logout' is clicked on

2018-05-10 16:44:39 - [MESSAGE][PASSED] - Object: 'Object Repository/LoginUser/Page_ProjectBackend/button_Logout' is clicked on

2018-05-10 16:44:39 - [TEST_STEP][PASSED] - closeBrowser: Browser is closed

2018-05-10 16:44:40 - [MESSAGE][PASSED] - Browser is closed]]></system-out>
         <system-err><![CDATA[]]></system-err>
      </testcase>
      <testcase name="Test Cases/TestCaseLoginUser" classname="Test Cases/TestCaseLoginUser" status="FAILED">
         <failure type="FAILED" message="Unable to click on object 'Object Repository/LoginUser/Page_ProjectBackend/a_Carts' (Root cause: org.openqa.selenium.WebDriverException: chrome not reachable
  (Session info: chrome=66.0.3359.139)
  (Driver info: chromedriver=2.35.528161 (5b82f2d2aae0ca24b877009200ced9065a772e73),platform=Windows NT 10.0.16299 x86_64) (WARNING: The server did not provide any stacktrace information)
Command duration or timeout: 0 milliseconds
Build info: version: '3.7.1', revision: '8a0099a', time: '2017-11-06T21:07:36.161Z'
System info: host: 'DESKTOP-OR7KM58', ip: '172.20.241.177', os.name: 'Windows 10', os.arch: 'amd64', os.version: '10.0', java.version: '1.8.0_102'
Driver info: com.kms.katalon.selenium.driver.CChromeDriver
Capabilities {acceptInsecureCerts: false, acceptSslCerts: false, applicationCacheEnabled: false, browserConnectionEnabled: false, browserName: chrome, chrome: {chromedriverVersion: 2.35.528161 (5b82f2d2aae0ca..., userDataDir: C:\Users\LNV\AppData\Local\...}, cssSelectorsEnabled: true, databaseEnabled: false, handlesAlerts: true, hasTouchScreen: false, javascriptEnabled: true, locationContextEnabled: true, mobileEmulationEnabled: false, nativeEvents: true, networkConnectionEnabled: false, pageLoadStrategy: normal, platform: XP, platformName: XP, rotatable: false, setWindowRect: true, takesHeapSnapshot: true, takesScreenshot: true, unexpectedAlertBehaviour: , unhandledPromptBehavior: , version: 66.0.3359.139, webStorageEnabled: true}
Session ID: 946f4399f06f68318006ac9bc2abaca1
*** Element info: {Using=xpath, value=//a[@href = '/cart' and (text() = 'Carts
            
          ' or . = 'Carts
            
          ')]})"/>
         <system-out><![CDATA[2018-05-10 16:44:40 - [TEST_CASE][FAILED] - Test Cases/TestCaseLoginUser: Test Cases/TestCaseLoginUser FAILED because (of) Unable to click on object 'Object Repository/LoginUser/Page_ProjectBackend/a_Carts' (Root cause: org.openqa.selenium.WebDriverException: chrome not reachable
  (Session info: chrome=66.0.3359.139)
  (Driver info: chromedriver=2.35.528161 (5b82f2d2aae0ca24b877009200ced9065a772e73),platform=Windows NT 10.0.16299 x86_64) (WARNING: The server did not provide any stacktrace information)
Command duration or timeout: 0 milliseconds
Build info: version: '3.7.1', revision: '8a0099a', time: '2017-11-06T21:07:36.161Z'
System info: host: 'DESKTOP-OR7KM58', ip: '172.20.241.177', os.name: 'Windows 10', os.arch: 'amd64', os.version: '10.0', java.version: '1.8.0_102'
Driver info: com.kms.katalon.selenium.driver.CChromeDriver
Capabilities {acceptInsecureCerts: false, acceptSslCerts: false, applicationCacheEnabled: false, browserConnectionEnabled: false, browserName: chrome, chrome: {chromedriverVersion: 2.35.528161 (5b82f2d2aae0ca..., userDataDir: C:\Users\LNV\AppData\Local\...}, cssSelectorsEnabled: true, databaseEnabled: false, handlesAlerts: true, hasTouchScreen: false, javascriptEnabled: true, locationContextEnabled: true, mobileEmulationEnabled: false, nativeEvents: true, networkConnectionEnabled: false, pageLoadStrategy: normal, platform: XP, platformName: XP, rotatable: false, setWindowRect: true, takesHeapSnapshot: true, takesScreenshot: true, unexpectedAlertBehaviour: , unhandledPromptBehavior: , version: 66.0.3359.139, webStorageEnabled: true}
Session ID: 946f4399f06f68318006ac9bc2abaca1
*** Element info: {Using=xpath, value=//a[@href = '/cart' and (text() = 'Carts
            
          ' or . = 'Carts
            
          ')]})

2018-05-10 16:44:40 - [TEST_STEP][PASSED] - openBrowser: Browser is opened with url: ''

2018-05-10 16:44:43 - [MESSAGE][PASSED] - Browser is opened with url: ''

2018-05-10 16:44:43 - [TEST_STEP][PASSED] - navigateToUrl: Navigate to 'http://54.186.33.226:2222/' successfully

2018-05-10 16:44:51 - [MESSAGE][PASSED] - Navigate to 'http://54.186.33.226:2222/' successfully

2018-05-10 16:44:51 - [TEST_STEP][PASSED] - setText: Text 'admin' is set on object 'Object Repository/LoginUser/Page_ProjectBackend/input_username'

2018-05-10 16:44:51 - [MESSAGE][PASSED] - Text 'admin' is set on object 'Object Repository/LoginUser/Page_ProjectBackend/input_username'

2018-05-10 16:44:51 - [TEST_STEP][PASSED] - setText: Text 'admin' is set on object 'Object Repository/LoginUser/Page_ProjectBackend/input_password'

2018-05-10 16:44:51 - [MESSAGE][PASSED] - Text 'admin' is set on object 'Object Repository/LoginUser/Page_ProjectBackend/input_password'

2018-05-10 16:44:51 - [TEST_STEP][PASSED] - click: Object: 'Object Repository/LoginUser/Page_ProjectBackend/button_Login' is clicked on

2018-05-10 16:44:51 - [MESSAGE][PASSED] - Object: 'Object Repository/LoginUser/Page_ProjectBackend/button_Login' is clicked on

2018-05-10 16:44:51 - [TEST_STEP][PASSED] - click: Object: 'Object Repository/LoginUser/Page_ProjectBackend/a_Products' is clicked on

2018-05-10 16:44:53 - [MESSAGE][PASSED] - Object: 'Object Repository/LoginUser/Page_ProjectBackend/a_Products' is clicked on

2018-05-10 16:44:53 - [TEST_STEP][FAILED] - click: Unable to click on object 'Object Repository/LoginUser/Page_ProjectBackend/a_Carts' (Root cause: org.openqa.selenium.WebDriverException: chrome not reachable
  (Session info: chrome=66.0.3359.139)
  (Driver info: chromedriver=2.35.528161 (5b82f2d2aae0ca24b877009200ced9065a772e73),platform=Windows NT 10.0.16299 x86_64) (WARNING: The server did not provide any stacktrace information)
Command duration or timeout: 0 milliseconds
Build info: version: '3.7.1', revision: '8a0099a', time: '2017-11-06T21:07:36.161Z'
System info: host: 'DESKTOP-OR7KM58', ip: '172.20.241.177', os.name: 'Windows 10', os.arch: 'amd64', os.version: '10.0', java.version: '1.8.0_102'
Driver info: com.kms.katalon.selenium.driver.CChromeDriver
Capabilities {acceptInsecureCerts: false, acceptSslCerts: false, applicationCacheEnabled: false, browserConnectionEnabled: false, browserName: chrome, chrome: {chromedriverVersion: 2.35.528161 (5b82f2d2aae0ca..., userDataDir: C:\Users\LNV\AppData\Local\...}, cssSelectorsEnabled: true, databaseEnabled: false, handlesAlerts: true, hasTouchScreen: false, javascriptEnabled: true, locationContextEnabled: true, mobileEmulationEnabled: false, nativeEvents: true, networkConnectionEnabled: false, pageLoadStrategy: normal, platform: XP, platformName: XP, rotatable: false, setWindowRect: true, takesHeapSnapshot: true, takesScreenshot: true, unexpectedAlertBehaviour: , unhandledPromptBehavior: , version: 66.0.3359.139, webStorageEnabled: true}
Session ID: 946f4399f06f68318006ac9bc2abaca1
*** Element info: {Using=xpath, value=//a[@href = '/cart' and (text() = 'Carts
            
          ' or . = 'Carts
            
          ')]})

2018-05-10 16:45:04 - [MESSAGE][WARNING] - Cannot take screenshot

2018-05-10 16:45:04 - [MESSAGE][FAILED] - Unable to click on object 'Object Repository/LoginUser/Page_ProjectBackend/a_Carts' (Root cause: org.openqa.selenium.WebDriverException: chrome not reachable
  (Session info: chrome=66.0.3359.139)
  (Driver info: chromedriver=2.35.528161 (5b82f2d2aae0ca24b877009200ced9065a772e73),platform=Windows NT 10.0.16299 x86_64) (WARNING: The server did not provide any stacktrace information)
Command duration or timeout: 0 milliseconds
Build info: version: '3.7.1', revision: '8a0099a', time: '2017-11-06T21:07:36.161Z'
System info: host: 'DESKTOP-OR7KM58', ip: '172.20.241.177', os.name: 'Windows 10', os.arch: 'amd64', os.version: '10.0', java.version: '1.8.0_102'
Driver info: com.kms.katalon.selenium.driver.CChromeDriver
Capabilities {acceptInsecureCerts: false, acceptSslCerts: false, applicationCacheEnabled: false, browserConnectionEnabled: false, browserName: chrome, chrome: {chromedriverVersion: 2.35.528161 (5b82f2d2aae0ca..., userDataDir: C:\Users\LNV\AppData\Local\...}, cssSelectorsEnabled: true, databaseEnabled: false, handlesAlerts: true, hasTouchScreen: false, javascriptEnabled: true, locationContextEnabled: true, mobileEmulationEnabled: false, nativeEvents: true, networkConnectionEnabled: false, pageLoadStrategy: normal, platform: XP, platformName: XP, rotatable: false, setWindowRect: true, takesHeapSnapshot: true, takesScreenshot: true, unexpectedAlertBehaviour: , unhandledPromptBehavior: , version: 66.0.3359.139, webStorageEnabled: true}
Session ID: 946f4399f06f68318006ac9bc2abaca1
*** Element info: {Using=xpath, value=//a[@href = '/cart' and (text() = 'Carts
            
          ' or . = 'Carts
            
          ')]})]]></system-out>
         <system-err><![CDATA[2018-05-10 16:44:40 - [TEST_CASE][FAILED] - Test Cases/TestCaseLoginUser: Test Cases/TestCaseLoginUser FAILED because (of) Unable to click on object 'Object Repository/LoginUser/Page_ProjectBackend/a_Carts' (Root cause: org.openqa.selenium.WebDriverException: chrome not reachable
  (Session info: chrome=66.0.3359.139)
  (Driver info: chromedriver=2.35.528161 (5b82f2d2aae0ca24b877009200ced9065a772e73),platform=Windows NT 10.0.16299 x86_64) (WARNING: The server did not provide any stacktrace information)
Command duration or timeout: 0 milliseconds
Build info: version: '3.7.1', revision: '8a0099a', time: '2017-11-06T21:07:36.161Z'
System info: host: 'DESKTOP-OR7KM58', ip: '172.20.241.177', os.name: 'Windows 10', os.arch: 'amd64', os.version: '10.0', java.version: '1.8.0_102'
Driver info: com.kms.katalon.selenium.driver.CChromeDriver
Capabilities {acceptInsecureCerts: false, acceptSslCerts: false, applicationCacheEnabled: false, browserConnectionEnabled: false, browserName: chrome, chrome: {chromedriverVersion: 2.35.528161 (5b82f2d2aae0ca..., userDataDir: C:\Users\LNV\AppData\Local\...}, cssSelectorsEnabled: true, databaseEnabled: false, handlesAlerts: true, hasTouchScreen: false, javascriptEnabled: true, locationContextEnabled: true, mobileEmulationEnabled: false, nativeEvents: true, networkConnectionEnabled: false, pageLoadStrategy: normal, platform: XP, platformName: XP, rotatable: false, setWindowRect: true, takesHeapSnapshot: true, takesScreenshot: true, unexpectedAlertBehaviour: , unhandledPromptBehavior: , version: 66.0.3359.139, webStorageEnabled: true}
Session ID: 946f4399f06f68318006ac9bc2abaca1
*** Element info: {Using=xpath, value=//a[@href = '/cart' and (text() = 'Carts
            
          ' or . = 'Carts
            
          ')]})]]></system-err>
      </testcase>
      <testcase name="Test Cases/TestCaseLoginUser" classname="Test Cases/TestCaseLoginUser" status="FAILED">
         <failure type="FAILED" message="Unable to open browser with url: '' (Root cause: org.openqa.selenium.SessionNotCreatedException: session not created exception
from disconnected: received Inspector.detached event
  (Session info: chrome=66.0.3359.139)
  (Driver info: chromedriver=2.35.528161 (5b82f2d2aae0ca24b877009200ced9065a772e73),platform=Windows NT 10.0.16299 x86_64) (WARNING: The server did not provide any stacktrace information)
Command duration or timeout: 2.65 seconds
Build info: version: '3.7.1', revision: '8a0099a', time: '2017-11-06T21:07:36.161Z'
System info: host: 'DESKTOP-OR7KM58', ip: '172.20.241.177', os.name: 'Windows 10', os.arch: 'amd64', os.version: '10.0', java.version: '1.8.0_102'
Driver info: driver.version: CChromeDriver)"/>
         <system-out><![CDATA[2018-05-10 16:45:04 - [TEST_CASE][FAILED] - Test Cases/TestCaseLoginUser: Test Cases/TestCaseLoginUser FAILED because (of) Unable to open browser with url: '' (Root cause: org.openqa.selenium.SessionNotCreatedException: session not created exception
from disconnected: received Inspector.detached event
  (Session info: chrome=66.0.3359.139)
  (Driver info: chromedriver=2.35.528161 (5b82f2d2aae0ca24b877009200ced9065a772e73),platform=Windows NT 10.0.16299 x86_64) (WARNING: The server did not provide any stacktrace information)
Command duration or timeout: 2.65 seconds
Build info: version: '3.7.1', revision: '8a0099a', time: '2017-11-06T21:07:36.161Z'
System info: host: 'DESKTOP-OR7KM58', ip: '172.20.241.177', os.name: 'Windows 10', os.arch: 'amd64', os.version: '10.0', java.version: '1.8.0_102'
Driver info: driver.version: CChromeDriver)

2018-05-10 16:45:04 - [TEST_STEP][FAILED] - openBrowser: Unable to open browser with url: '' (Root cause: org.openqa.selenium.SessionNotCreatedException: session not created exception
from disconnected: received Inspector.detached event
  (Session info: chrome=66.0.3359.139)
  (Driver info: chromedriver=2.35.528161 (5b82f2d2aae0ca24b877009200ced9065a772e73),platform=Windows NT 10.0.16299 x86_64) (WARNING: The server did not provide any stacktrace information)
Command duration or timeout: 2.65 seconds
Build info: version: '3.7.1', revision: '8a0099a', time: '2017-11-06T21:07:36.161Z'
System info: host: 'DESKTOP-OR7KM58', ip: '172.20.241.177', os.name: 'Windows 10', os.arch: 'amd64', os.version: '10.0', java.version: '1.8.0_102'
Driver info: driver.version: CChromeDriver)

2018-05-10 16:45:04 - [MESSAGE][WARNING] - A browser is already opened. Closing browser and opening a new one

2018-05-10 16:45:08 - [MESSAGE][FAILED] - Unable to open browser with url: '' (Root cause: org.openqa.selenium.SessionNotCreatedException: session not created exception
from disconnected: received Inspector.detached event
  (Session info: chrome=66.0.3359.139)
  (Driver info: chromedriver=2.35.528161 (5b82f2d2aae0ca24b877009200ced9065a772e73),platform=Windows NT 10.0.16299 x86_64) (WARNING: The server did not provide any stacktrace information)
Command duration or timeout: 2.65 seconds
Build info: version: '3.7.1', revision: '8a0099a', time: '2017-11-06T21:07:36.161Z'
System info: host: 'DESKTOP-OR7KM58', ip: '172.20.241.177', os.name: 'Windows 10', os.arch: 'amd64', os.version: '10.0', java.version: '1.8.0_102'
Driver info: driver.version: CChromeDriver)]]></system-out>
         <system-err><![CDATA[2018-05-10 16:45:04 - [TEST_CASE][FAILED] - Test Cases/TestCaseLoginUser: Test Cases/TestCaseLoginUser FAILED because (of) Unable to open browser with url: '' (Root cause: org.openqa.selenium.SessionNotCreatedException: session not created exception
from disconnected: received Inspector.detached event
  (Session info: chrome=66.0.3359.139)
  (Driver info: chromedriver=2.35.528161 (5b82f2d2aae0ca24b877009200ced9065a772e73),platform=Windows NT 10.0.16299 x86_64) (WARNING: The server did not provide any stacktrace information)
Command duration or timeout: 2.65 seconds
Build info: version: '3.7.1', revision: '8a0099a', time: '2017-11-06T21:07:36.161Z'
System info: host: 'DESKTOP-OR7KM58', ip: '172.20.241.177', os.name: 'Windows 10', os.arch: 'amd64', os.version: '10.0', java.version: '1.8.0_102'
Driver info: driver.version: CChromeDriver)]]></system-err>
      </testcase>
      <system-out><![CDATA[2018-05-10 16:44:21 - [TEST_SUITE][FAILED] - TestSuiteLogin: Test Cases/TestCaseLoginUser FAILED because (of) Unable to click on object 'Object Repository/LoginUser/Page_ProjectBackend/a_Carts' (Root cause: org.openqa.selenium.WebDriverException: chrome not reachable
  (Session info: chrome=66.0.3359.139)
  (Driver info: chromedriver=2.35.528161 (5b82f2d2aae0ca24b877009200ced9065a772e73),platform=Windows NT 10.0.16299 x86_64) (WARNING: The server did not provide any stacktrace information)
Command duration or timeout: 0 milliseconds
Build info: version: '3.7.1', revision: '8a0099a', time: '2017-11-06T21:07:36.161Z'
System info: host: 'DESKTOP-OR7KM58', ip: '172.20.241.177', os.name: 'Windows 10', os.arch: 'amd64', os.version: '10.0', java.version: '1.8.0_102'
Driver info: com.kms.katalon.selenium.driver.CChromeDriver
Capabilities {acceptInsecureCerts: false, acceptSslCerts: false, applicationCacheEnabled: false, browserConnectionEnabled: false, browserName: chrome, chrome: {chromedriverVersion: 2.35.528161 (5b82f2d2aae0ca..., userDataDir: C:\Users\LNV\AppData\Local\...}, cssSelectorsEnabled: true, databaseEnabled: false, handlesAlerts: true, hasTouchScreen: false, javascriptEnabled: true, locationContextEnabled: true, mobileEmulationEnabled: false, nativeEvents: true, networkConnectionEnabled: false, pageLoadStrategy: normal, platform: XP, platformName: XP, rotatable: false, setWindowRect: true, takesHeapSnapshot: true, takesScreenshot: true, unexpectedAlertBehaviour: , unhandledPromptBehavior: , version: 66.0.3359.139, webStorageEnabled: true}
Session ID: 946f4399f06f68318006ac9bc2abaca1
*** Element info: {Using=xpath, value=//a[@href = '/cart' and (text() = 'Carts
            
          ' or . = 'Carts
            
          ')]})]]></system-out>
      <system-err><![CDATA[2018-05-10 16:44:21 - [TEST_SUITE][FAILED] - TestSuiteLogin: Test Cases/TestCaseLoginUser FAILED because (of) Unable to click on object 'Object Repository/LoginUser/Page_ProjectBackend/a_Carts' (Root cause: org.openqa.selenium.WebDriverException: chrome not reachable
  (Session info: chrome=66.0.3359.139)
  (Driver info: chromedriver=2.35.528161 (5b82f2d2aae0ca24b877009200ced9065a772e73),platform=Windows NT 10.0.16299 x86_64) (WARNING: The server did not provide any stacktrace information)
Command duration or timeout: 0 milliseconds
Build info: version: '3.7.1', revision: '8a0099a', time: '2017-11-06T21:07:36.161Z'
System info: host: 'DESKTOP-OR7KM58', ip: '172.20.241.177', os.name: 'Windows 10', os.arch: 'amd64', os.version: '10.0', java.version: '1.8.0_102'
Driver info: com.kms.katalon.selenium.driver.CChromeDriver
Capabilities {acceptInsecureCerts: false, acceptSslCerts: false, applicationCacheEnabled: false, browserConnectionEnabled: false, browserName: chrome, chrome: {chromedriverVersion: 2.35.528161 (5b82f2d2aae0ca..., userDataDir: C:\Users\LNV\AppData\Local\...}, cssSelectorsEnabled: true, databaseEnabled: false, handlesAlerts: true, hasTouchScreen: false, javascriptEnabled: true, locationContextEnabled: true, mobileEmulationEnabled: false, nativeEvents: true, networkConnectionEnabled: false, pageLoadStrategy: normal, platform: XP, platformName: XP, rotatable: false, setWindowRect: true, takesHeapSnapshot: true, takesScreenshot: true, unexpectedAlertBehaviour: , unhandledPromptBehavior: , version: 66.0.3359.139, webStorageEnabled: true}
Session ID: 946f4399f06f68318006ac9bc2abaca1
*** Element info: {Using=xpath, value=//a[@href = '/cart' and (text() = 'Carts
            
          ' or . = 'Carts
            
          ')]})]]></system-err>
   </testsuite>
</testsuites>
