<?xml version="1.0" encoding="UTF-8"?>
<testsuites name="TestSuiteLogin" time="126" tests="5" failures="2" errors="0">
   <testsuite name="TestSuiteLogin" tests="5" failures="2" errors="0" time="126" timestamp="2018-05-10 16:37:13" hostname="LNV - DESKTOP-OR7KM58.mshome.net" id="Test Suites/TestSuiteLogin">
      <properties>
         <property name="deviceName" value=""/>
         <property name="devicePlatform" value=""/>
         <property name="logFolder" value="C:\\Users\\LNV\\Katalon Studio\\234project-katalon\\Reports\\TestSuiteLogin\\20180510_163710"/>
         <property name="logFiles" value="C:\\Users\\LNV\\Katalon Studio\\234project-katalon\\Reports\\TestSuiteLogin\\20180510_163710\\execution0.log"/>
         <property name="attachments" value=""/>
         <property name="hostName" value="LNV - DESKTOP-OR7KM58.mshome.net"/>
         <property name="os" value="Windows 10 64bit"/>
         <property name="katalonVersion" value="5.4.1.1"/>
         <property name="browser" value="Chrome 66.0.3359.139"/>
         <property name="hostAddress" value="172.20.241.177"/>
         <property name="sessionId" value="52671d2b1df879fb238f3a02b568f655"/>
         <property name="seleniumVersion" value="3.7.1"/>
         <property name="proxyInformation" value="ProxyInformation{proxyOption=NO_PROXY, proxyServerType=HTTP, password=, proxyServerAddress=, proxyServerPort=0}"/>
         <property name="platform" value="Windows 10"/>
      </properties>
      <testcase name="Test Cases/TestCaseLoginAdmin" classname="Test Cases/TestCaseLoginAdmin" status="PASSED">
         <system-out><![CDATA[2018-05-10 16:37:14 - [TEST_CASE][PASSED] - Test Cases/TestCaseLoginAdmin: Test Cases/TestCaseLoginAdmin

2018-05-10 16:37:15 - [TEST_STEP][PASSED] - openBrowser: Browser is opened with url: ''

2018-05-10 16:37:20 - [MESSAGE][PASSED] - Browser is opened with url: ''

2018-05-10 16:37:20 - [TEST_STEP][PASSED] - navigateToUrl: Navigate to 'http://54.186.33.226:2222/' successfully

2018-05-10 16:37:35 - [MESSAGE][PASSED] - Navigate to 'http://54.186.33.226:2222/' successfully

2018-05-10 16:37:35 - [TEST_STEP][PASSED] - setText: Text 'admin' is set on object 'Object Repository/LoginAdmin/Page_ProjectBackend/input_username'

2018-05-10 16:37:35 - [MESSAGE][PASSED] - Text 'admin' is set on object 'Object Repository/LoginAdmin/Page_ProjectBackend/input_username'

2018-05-10 16:37:35 - [TEST_STEP][PASSED] - setText: Text 'admin' is set on object 'Object Repository/LoginAdmin/Page_ProjectBackend/input_password'

2018-05-10 16:37:36 - [MESSAGE][PASSED] - Text 'admin' is set on object 'Object Repository/LoginAdmin/Page_ProjectBackend/input_password'

2018-05-10 16:37:36 - [TEST_STEP][PASSED] - click: Object: 'Object Repository/LoginAdmin/Page_ProjectBackend/button_Login' is clicked on

2018-05-10 16:37:36 - [MESSAGE][PASSED] - Object: 'Object Repository/LoginAdmin/Page_ProjectBackend/button_Login' is clicked on

2018-05-10 16:37:36 - [TEST_STEP][PASSED] - click: Object: 'Object Repository/LoginAdmin/Page_ProjectBackend/a_Products' is clicked on

2018-05-10 16:37:37 - [MESSAGE][PASSED] - Object: 'Object Repository/LoginAdmin/Page_ProjectBackend/a_Products' is clicked on

2018-05-10 16:37:37 - [TEST_STEP][PASSED] - click: Object: 'Object Repository/LoginAdmin/Page_ProjectBackend/a_Total Transaction' is clicked on

2018-05-10 16:37:37 - [MESSAGE][PASSED] - Object: 'Object Repository/LoginAdmin/Page_ProjectBackend/a_Total Transaction' is clicked on

2018-05-10 16:37:37 - [TEST_STEP][PASSED] - click: Object: 'Object Repository/LoginAdmin/Page_ProjectBackend/button_Logout' is clicked on

2018-05-10 16:37:37 - [MESSAGE][PASSED] - Object: 'Object Repository/LoginAdmin/Page_ProjectBackend/button_Logout' is clicked on

2018-05-10 16:37:37 - [TEST_STEP][PASSED] - closeBrowser: Browser is closed

2018-05-10 16:37:38 - [MESSAGE][PASSED] - Browser is closed]]></system-out>
         <system-err><![CDATA[]]></system-err>
      </testcase>
      <testcase name="Test Cases/TestCaseIncorrectUserPass" classname="Test Cases/TestCaseIncorrectUserPass" status="PASSED">
         <system-out><![CDATA[2018-05-10 16:37:38 - [TEST_CASE][PASSED] - Test Cases/TestCaseIncorrectUserPass: Test Cases/TestCaseIncorrectUserPass

2018-05-10 16:37:39 - [TEST_STEP][PASSED] - openBrowser: Browser is opened with url: ''

2018-05-10 16:37:42 - [MESSAGE][PASSED] - Browser is opened with url: ''

2018-05-10 16:37:42 - [TEST_STEP][PASSED] - navigateToUrl: Navigate to 'http://54.186.33.226:2222/' successfully

2018-05-10 16:37:49 - [MESSAGE][PASSED] - Navigate to 'http://54.186.33.226:2222/' successfully

2018-05-10 16:37:49 - [TEST_STEP][PASSED] - setText: Text 'notUser' is set on object 'Object Repository/IncorrectUserPass/Page_ProjectBackend/input_username'

2018-05-10 16:37:50 - [MESSAGE][PASSED] - Text 'notUser' is set on object 'Object Repository/IncorrectUserPass/Page_ProjectBackend/input_username'

2018-05-10 16:37:50 - [TEST_STEP][PASSED] - setText: Text 'notPass' is set on object 'Object Repository/IncorrectUserPass/Page_ProjectBackend/input_password'

2018-05-10 16:37:50 - [MESSAGE][PASSED] - Text 'notPass' is set on object 'Object Repository/IncorrectUserPass/Page_ProjectBackend/input_password'

2018-05-10 16:37:50 - [TEST_STEP][PASSED] - click: Object: 'Object Repository/IncorrectUserPass/Page_ProjectBackend/button_Login' is clicked on

2018-05-10 16:37:50 - [MESSAGE][PASSED] - Object: 'Object Repository/IncorrectUserPass/Page_ProjectBackend/button_Login' is clicked on

2018-05-10 16:37:50 - [TEST_STEP][PASSED] - click: Object: 'Object Repository/IncorrectUserPass/Page_ProjectBackend/div_Usernamepassword is incorr' is clicked on

2018-05-10 16:37:51 - [MESSAGE][PASSED] - Object: 'Object Repository/IncorrectUserPass/Page_ProjectBackend/div_Usernamepassword is incorr' is clicked on

2018-05-10 16:37:51 - [TEST_STEP][PASSED] - closeBrowser: Browser is closed

2018-05-10 16:37:52 - [MESSAGE][PASSED] - Browser is closed]]></system-out>
         <system-err><![CDATA[]]></system-err>
      </testcase>
      <testcase name="Test Cases/TestCaseEmptyUser" classname="Test Cases/TestCaseEmptyUser" status="PASSED">
         <system-out><![CDATA[2018-05-10 16:37:52 - [TEST_CASE][PASSED] - Test Cases/TestCaseEmptyUser: Test Cases/TestCaseEmptyUser

2018-05-10 16:37:52 - [TEST_STEP][PASSED] - openBrowser: Browser is opened with url: ''

2018-05-10 16:37:55 - [MESSAGE][PASSED] - Browser is opened with url: ''

2018-05-10 16:37:55 - [TEST_STEP][PASSED] - navigateToUrl: Navigate to 'http://54.186.33.226:2222/' successfully

2018-05-10 16:38:06 - [MESSAGE][PASSED] - Navigate to 'http://54.186.33.226:2222/' successfully

2018-05-10 16:38:06 - [TEST_STEP][PASSED] - setText: Text 'user' is set on object 'Object Repository/UsernameEmpty/Page_ProjectBackend/input_password'

2018-05-10 16:38:07 - [MESSAGE][PASSED] - Text 'user' is set on object 'Object Repository/UsernameEmpty/Page_ProjectBackend/input_password'

2018-05-10 16:38:07 - [TEST_STEP][PASSED] - click: Object: 'Object Repository/UsernameEmpty/Page_ProjectBackend/button_Login' is clicked on

2018-05-10 16:38:07 - [MESSAGE][PASSED] - Object: 'Object Repository/UsernameEmpty/Page_ProjectBackend/button_Login' is clicked on

2018-05-10 16:38:07 - [TEST_STEP][PASSED] - click: Object: 'Object Repository/UsernameEmpty/Page_ProjectBackend/label_Username is required' is clicked on

2018-05-10 16:38:07 - [MESSAGE][PASSED] - Object: 'Object Repository/UsernameEmpty/Page_ProjectBackend/label_Username is required' is clicked on

2018-05-10 16:38:07 - [TEST_STEP][PASSED] - closeBrowser: Browser is closed

2018-05-10 16:38:08 - [MESSAGE][PASSED] - Browser is closed]]></system-out>
         <system-err><![CDATA[]]></system-err>
      </testcase>
      <testcase name="Test Cases/TestCaseEmptyPassw" classname="Test Cases/TestCaseEmptyPassw" status="PASSED">
         <system-out><![CDATA[2018-05-10 16:38:08 - [TEST_CASE][PASSED] - Test Cases/TestCaseEmptyPassw: Test Cases/TestCaseEmptyPassw

2018-05-10 16:38:08 - [TEST_STEP][PASSED] - openBrowser: Browser is opened with url: ''

2018-05-10 16:38:11 - [MESSAGE][PASSED] - Browser is opened with url: ''

2018-05-10 16:38:11 - [TEST_STEP][PASSED] - navigateToUrl: Navigate to 'http://54.186.33.226:2222/' successfully

2018-05-10 16:38:17 - [MESSAGE][PASSED] - Navigate to 'http://54.186.33.226:2222/' successfully

2018-05-10 16:38:17 - [TEST_STEP][PASSED] - setText: Text 'user' is set on object 'Object Repository/PasswordEmpty/Page_ProjectBackend/input_username'

2018-05-10 16:38:18 - [MESSAGE][PASSED] - Text 'user' is set on object 'Object Repository/PasswordEmpty/Page_ProjectBackend/input_username'

2018-05-10 16:38:18 - [TEST_STEP][PASSED] - click: Object: 'Object Repository/PasswordEmpty/Page_ProjectBackend/button_Login' is clicked on

2018-05-10 16:38:18 - [MESSAGE][PASSED] - Object: 'Object Repository/PasswordEmpty/Page_ProjectBackend/button_Login' is clicked on

2018-05-10 16:38:18 - [TEST_STEP][PASSED] - click: Object: 'Object Repository/PasswordEmpty/Page_ProjectBackend/label_Password is required' is clicked on

2018-05-10 16:38:18 - [MESSAGE][PASSED] - Object: 'Object Repository/PasswordEmpty/Page_ProjectBackend/label_Password is required' is clicked on

2018-05-10 16:38:18 - [TEST_STEP][PASSED] - closeBrowser: Browser is closed

2018-05-10 16:38:19 - [MESSAGE][PASSED] - Browser is closed]]></system-out>
         <system-err><![CDATA[]]></system-err>
      </testcase>
      <testcase name="Test Cases/TestCaseLoginUser" classname="Test Cases/TestCaseLoginUser" status="PASSED">
         <system-out><![CDATA[2018-05-10 16:38:19 - [TEST_CASE][PASSED] - Test Cases/TestCaseLoginUser: Test Cases/TestCaseLoginUser

2018-05-10 16:38:19 - [TEST_STEP][PASSED] - openBrowser: Browser is opened with url: ''

2018-05-10 16:38:21 - [MESSAGE][PASSED] - Browser is opened with url: ''

2018-05-10 16:38:21 - [TEST_STEP][PASSED] - navigateToUrl: Navigate to 'http://54.186.33.226:2222/' successfully

2018-05-10 16:38:28 - [MESSAGE][PASSED] - Navigate to 'http://54.186.33.226:2222/' successfully

2018-05-10 16:38:28 - [TEST_STEP][PASSED] - setText: Text 'user' is set on object 'Object Repository/LoginUser/Page_ProjectBackend/input_username'

2018-05-10 16:38:29 - [MESSAGE][PASSED] - Text 'user' is set on object 'Object Repository/LoginUser/Page_ProjectBackend/input_username'

2018-05-10 16:38:29 - [TEST_STEP][PASSED] - setText: Text 'user' is set on object 'Object Repository/LoginUser/Page_ProjectBackend/input_password'

2018-05-10 16:38:29 - [MESSAGE][PASSED] - Text 'user' is set on object 'Object Repository/LoginUser/Page_ProjectBackend/input_password'

2018-05-10 16:38:29 - [TEST_STEP][PASSED] - click: Object: 'Object Repository/LoginUser/Page_ProjectBackend/button_Login' is clicked on

2018-05-10 16:38:29 - [MESSAGE][PASSED] - Object: 'Object Repository/LoginUser/Page_ProjectBackend/button_Login' is clicked on

2018-05-10 16:38:29 - [TEST_STEP][PASSED] - click: Object: 'Object Repository/LoginUser/Page_ProjectBackend/a_Products' is clicked on

2018-05-10 16:38:30 - [MESSAGE][PASSED] - Object: 'Object Repository/LoginUser/Page_ProjectBackend/a_Products' is clicked on

2018-05-10 16:38:30 - [TEST_STEP][PASSED] - click: Object: 'Object Repository/LoginUser/Page_ProjectBackend/a_Carts' is clicked on

2018-05-10 16:38:30 - [MESSAGE][PASSED] - Object: 'Object Repository/LoginUser/Page_ProjectBackend/a_Carts' is clicked on

2018-05-10 16:38:30 - [TEST_STEP][PASSED] - click: Object: 'Object Repository/LoginUser/Page_ProjectBackend/button_Logout' is clicked on

2018-05-10 16:38:30 - [MESSAGE][PASSED] - Object: 'Object Repository/LoginUser/Page_ProjectBackend/button_Logout' is clicked on

2018-05-10 16:38:30 - [TEST_STEP][PASSED] - closeBrowser: Browser is closed

2018-05-10 16:38:31 - [MESSAGE][PASSED] - Browser is closed]]></system-out>
         <system-err><![CDATA[]]></system-err>
      </testcase>
      <testcase name="Test Cases/TestCaseLoginUser" classname="Test Cases/TestCaseLoginUser" status="FAILED">
         <failure type="FAILED" message="Unable to click on object 'Object Repository/LoginUser/Page_ProjectBackend/a_Carts' (Root cause: org.openqa.selenium.NoSuchWindowException: no such window: target window already closed
from unknown error: web view not found
  (Session info: chrome=66.0.3359.139)
  (Driver info: chromedriver=2.35.528161 (5b82f2d2aae0ca24b877009200ced9065a772e73),platform=Windows NT 10.0.16299 x86_64) (WARNING: The server did not provide any stacktrace information)
Command duration or timeout: 0 milliseconds
Build info: version: '3.7.1', revision: '8a0099a', time: '2017-11-06T21:07:36.161Z'
System info: host: 'DESKTOP-OR7KM58', ip: '172.20.241.177', os.name: 'Windows 10', os.arch: 'amd64', os.version: '10.0', java.version: '1.8.0_102'
Driver info: com.kms.katalon.selenium.driver.CChromeDriver
Capabilities {acceptInsecureCerts: false, acceptSslCerts: false, applicationCacheEnabled: false, browserConnectionEnabled: false, browserName: chrome, chrome: {chromedriverVersion: 2.35.528161 (5b82f2d2aae0ca..., userDataDir: C:\Users\LNV\AppData\Local\...}, cssSelectorsEnabled: true, databaseEnabled: false, handlesAlerts: true, hasTouchScreen: false, javascriptEnabled: true, locationContextEnabled: true, mobileEmulationEnabled: false, nativeEvents: true, networkConnectionEnabled: false, pageLoadStrategy: normal, platform: XP, platformName: XP, rotatable: false, setWindowRect: true, takesHeapSnapshot: true, takesScreenshot: true, unexpectedAlertBehaviour: , unhandledPromptBehavior: , version: 66.0.3359.139, webStorageEnabled: true}
Session ID: 52671d2b1df879fb238f3a02b568f655
*** Element info: {Using=xpath, value=id(&quot;navbarSupportedContent&quot;)/ul[@class=&quot;navbar-nav mr-auto&quot;]/li[@class=&quot;nav-item&quot;]/a[@class=&quot;nav-link&quot;][count(. | //a[@href = '/cart' and (text() = 'Carts
            
          ' or . = 'Carts
            
          ')]) = count(//a[@href = '/cart' and (text() = 'Carts
            
          ' or . = 'Carts
            
          ')])]})"/>
         <system-out><![CDATA[2018-05-10 16:38:31 - [TEST_CASE][FAILED] - Test Cases/TestCaseLoginUser: Test Cases/TestCaseLoginUser FAILED because (of) Unable to click on object 'Object Repository/LoginUser/Page_ProjectBackend/a_Carts' (Root cause: org.openqa.selenium.NoSuchWindowException: no such window: target window already closed
from unknown error: web view not found
  (Session info: chrome=66.0.3359.139)
  (Driver info: chromedriver=2.35.528161 (5b82f2d2aae0ca24b877009200ced9065a772e73),platform=Windows NT 10.0.16299 x86_64) (WARNING: The server did not provide any stacktrace information)
Command duration or timeout: 0 milliseconds
Build info: version: '3.7.1', revision: '8a0099a', time: '2017-11-06T21:07:36.161Z'
System info: host: 'DESKTOP-OR7KM58', ip: '172.20.241.177', os.name: 'Windows 10', os.arch: 'amd64', os.version: '10.0', java.version: '1.8.0_102'
Driver info: com.kms.katalon.selenium.driver.CChromeDriver
Capabilities {acceptInsecureCerts: false, acceptSslCerts: false, applicationCacheEnabled: false, browserConnectionEnabled: false, browserName: chrome, chrome: {chromedriverVersion: 2.35.528161 (5b82f2d2aae0ca..., userDataDir: C:\Users\LNV\AppData\Local\...}, cssSelectorsEnabled: true, databaseEnabled: false, handlesAlerts: true, hasTouchScreen: false, javascriptEnabled: true, locationContextEnabled: true, mobileEmulationEnabled: false, nativeEvents: true, networkConnectionEnabled: false, pageLoadStrategy: normal, platform: XP, platformName: XP, rotatable: false, setWindowRect: true, takesHeapSnapshot: true, takesScreenshot: true, unexpectedAlertBehaviour: , unhandledPromptBehavior: , version: 66.0.3359.139, webStorageEnabled: true}
Session ID: 52671d2b1df879fb238f3a02b568f655
*** Element info: {Using=xpath, value=id("navbarSupportedContent")/ul[@class="navbar-nav mr-auto"]/li[@class="nav-item"]/a[@class="nav-link"][count(. | //a[@href = '/cart' and (text() = 'Carts
            
          ' or . = 'Carts
            
          ')]) = count(//a[@href = '/cart' and (text() = 'Carts
            
          ' or . = 'Carts
            
          ')])]})

2018-05-10 16:38:31 - [TEST_STEP][PASSED] - openBrowser: Browser is opened with url: ''

2018-05-10 16:38:33 - [MESSAGE][PASSED] - Browser is opened with url: ''

2018-05-10 16:38:33 - [TEST_STEP][PASSED] - navigateToUrl: Navigate to 'http://54.186.33.226:2222/' successfully

2018-05-10 16:38:43 - [MESSAGE][PASSED] - Navigate to 'http://54.186.33.226:2222/' successfully

2018-05-10 16:38:43 - [TEST_STEP][PASSED] - setText: Text 'admin' is set on object 'Object Repository/LoginUser/Page_ProjectBackend/input_username'

2018-05-10 16:38:43 - [MESSAGE][PASSED] - Text 'admin' is set on object 'Object Repository/LoginUser/Page_ProjectBackend/input_username'

2018-05-10 16:38:43 - [TEST_STEP][PASSED] - setText: Text 'admin' is set on object 'Object Repository/LoginUser/Page_ProjectBackend/input_password'

2018-05-10 16:38:43 - [MESSAGE][PASSED] - Text 'admin' is set on object 'Object Repository/LoginUser/Page_ProjectBackend/input_password'

2018-05-10 16:38:43 - [TEST_STEP][PASSED] - click: Object: 'Object Repository/LoginUser/Page_ProjectBackend/button_Login' is clicked on

2018-05-10 16:38:43 - [MESSAGE][PASSED] - Object: 'Object Repository/LoginUser/Page_ProjectBackend/button_Login' is clicked on

2018-05-10 16:38:43 - [TEST_STEP][PASSED] - click: Object: 'Object Repository/LoginUser/Page_ProjectBackend/a_Products' is clicked on

2018-05-10 16:38:45 - [MESSAGE][PASSED] - Object: 'Object Repository/LoginUser/Page_ProjectBackend/a_Products' is clicked on

2018-05-10 16:38:45 - [TEST_STEP][FAILED] - click: Unable to click on object 'Object Repository/LoginUser/Page_ProjectBackend/a_Carts' (Root cause: org.openqa.selenium.NoSuchWindowException: no such window: target window already closed
from unknown error: web view not found
  (Session info: chrome=66.0.3359.139)
  (Driver info: chromedriver=2.35.528161 (5b82f2d2aae0ca24b877009200ced9065a772e73),platform=Windows NT 10.0.16299 x86_64) (WARNING: The server did not provide any stacktrace information)
Command duration or timeout: 0 milliseconds
Build info: version: '3.7.1', revision: '8a0099a', time: '2017-11-06T21:07:36.161Z'
System info: host: 'DESKTOP-OR7KM58', ip: '172.20.241.177', os.name: 'Windows 10', os.arch: 'amd64', os.version: '10.0', java.version: '1.8.0_102'
Driver info: com.kms.katalon.selenium.driver.CChromeDriver
Capabilities {acceptInsecureCerts: false, acceptSslCerts: false, applicationCacheEnabled: false, browserConnectionEnabled: false, browserName: chrome, chrome: {chromedriverVersion: 2.35.528161 (5b82f2d2aae0ca..., userDataDir: C:\Users\LNV\AppData\Local\...}, cssSelectorsEnabled: true, databaseEnabled: false, handlesAlerts: true, hasTouchScreen: false, javascriptEnabled: true, locationContextEnabled: true, mobileEmulationEnabled: false, nativeEvents: true, networkConnectionEnabled: false, pageLoadStrategy: normal, platform: XP, platformName: XP, rotatable: false, setWindowRect: true, takesHeapSnapshot: true, takesScreenshot: true, unexpectedAlertBehaviour: , unhandledPromptBehavior: , version: 66.0.3359.139, webStorageEnabled: true}
Session ID: 52671d2b1df879fb238f3a02b568f655
*** Element info: {Using=xpath, value=id("navbarSupportedContent")/ul[@class="navbar-nav mr-auto"]/li[@class="nav-item"]/a[@class="nav-link"][count(. | //a[@href = '/cart' and (text() = 'Carts
            
          ' or . = 'Carts
            
          ')]) = count(//a[@href = '/cart' and (text() = 'Carts
            
          ' or . = 'Carts
            
          ')])]})

2018-05-10 16:39:14 - [MESSAGE][WARNING] - Cannot take screenshot

2018-05-10 16:39:14 - [MESSAGE][FAILED] - Unable to click on object 'Object Repository/LoginUser/Page_ProjectBackend/a_Carts' (Root cause: org.openqa.selenium.NoSuchWindowException: no such window: target window already closed
from unknown error: web view not found
  (Session info: chrome=66.0.3359.139)
  (Driver info: chromedriver=2.35.528161 (5b82f2d2aae0ca24b877009200ced9065a772e73),platform=Windows NT 10.0.16299 x86_64) (WARNING: The server did not provide any stacktrace information)
Command duration or timeout: 0 milliseconds
Build info: version: '3.7.1', revision: '8a0099a', time: '2017-11-06T21:07:36.161Z'
System info: host: 'DESKTOP-OR7KM58', ip: '172.20.241.177', os.name: 'Windows 10', os.arch: 'amd64', os.version: '10.0', java.version: '1.8.0_102'
Driver info: com.kms.katalon.selenium.driver.CChromeDriver
Capabilities {acceptInsecureCerts: false, acceptSslCerts: false, applicationCacheEnabled: false, browserConnectionEnabled: false, browserName: chrome, chrome: {chromedriverVersion: 2.35.528161 (5b82f2d2aae0ca..., userDataDir: C:\Users\LNV\AppData\Local\...}, cssSelectorsEnabled: true, databaseEnabled: false, handlesAlerts: true, hasTouchScreen: false, javascriptEnabled: true, locationContextEnabled: true, mobileEmulationEnabled: false, nativeEvents: true, networkConnectionEnabled: false, pageLoadStrategy: normal, platform: XP, platformName: XP, rotatable: false, setWindowRect: true, takesHeapSnapshot: true, takesScreenshot: true, unexpectedAlertBehaviour: , unhandledPromptBehavior: , version: 66.0.3359.139, webStorageEnabled: true}
Session ID: 52671d2b1df879fb238f3a02b568f655
*** Element info: {Using=xpath, value=id("navbarSupportedContent")/ul[@class="navbar-nav mr-auto"]/li[@class="nav-item"]/a[@class="nav-link"][count(. | //a[@href = '/cart' and (text() = 'Carts
            
          ' or . = 'Carts
            
          ')]) = count(//a[@href = '/cart' and (text() = 'Carts
            
          ' or . = 'Carts
            
          ')])]})]]></system-out>
         <system-err><![CDATA[2018-05-10 16:38:31 - [TEST_CASE][FAILED] - Test Cases/TestCaseLoginUser: Test Cases/TestCaseLoginUser FAILED because (of) Unable to click on object 'Object Repository/LoginUser/Page_ProjectBackend/a_Carts' (Root cause: org.openqa.selenium.NoSuchWindowException: no such window: target window already closed
from unknown error: web view not found
  (Session info: chrome=66.0.3359.139)
  (Driver info: chromedriver=2.35.528161 (5b82f2d2aae0ca24b877009200ced9065a772e73),platform=Windows NT 10.0.16299 x86_64) (WARNING: The server did not provide any stacktrace information)
Command duration or timeout: 0 milliseconds
Build info: version: '3.7.1', revision: '8a0099a', time: '2017-11-06T21:07:36.161Z'
System info: host: 'DESKTOP-OR7KM58', ip: '172.20.241.177', os.name: 'Windows 10', os.arch: 'amd64', os.version: '10.0', java.version: '1.8.0_102'
Driver info: com.kms.katalon.selenium.driver.CChromeDriver
Capabilities {acceptInsecureCerts: false, acceptSslCerts: false, applicationCacheEnabled: false, browserConnectionEnabled: false, browserName: chrome, chrome: {chromedriverVersion: 2.35.528161 (5b82f2d2aae0ca..., userDataDir: C:\Users\LNV\AppData\Local\...}, cssSelectorsEnabled: true, databaseEnabled: false, handlesAlerts: true, hasTouchScreen: false, javascriptEnabled: true, locationContextEnabled: true, mobileEmulationEnabled: false, nativeEvents: true, networkConnectionEnabled: false, pageLoadStrategy: normal, platform: XP, platformName: XP, rotatable: false, setWindowRect: true, takesHeapSnapshot: true, takesScreenshot: true, unexpectedAlertBehaviour: , unhandledPromptBehavior: , version: 66.0.3359.139, webStorageEnabled: true}
Session ID: 52671d2b1df879fb238f3a02b568f655
*** Element info: {Using=xpath, value=id("navbarSupportedContent")/ul[@class="navbar-nav mr-auto"]/li[@class="nav-item"]/a[@class="nav-link"][count(. | //a[@href = '/cart' and (text() = 'Carts
            
          ' or . = 'Carts
            
          ')]) = count(//a[@href = '/cart' and (text() = 'Carts
            
          ' or . = 'Carts
            
          ')])]})]]></system-err>
      </testcase>
      <testcase name="Test Cases/TestCaseLoginUser" classname="Test Cases/TestCaseLoginUser" status="FAILED">
         <failure type="FAILED" message="Unable to open browser with url: '' (Root cause: org.openqa.selenium.SessionNotCreatedException: session not created exception
from chrome not reachable
  (Session info: chrome=66.0.3359.139)
  (Driver info: chromedriver=2.35.528161 (5b82f2d2aae0ca24b877009200ced9065a772e73),platform=Windows NT 10.0.16299 x86_64) (WARNING: The server did not provide any stacktrace information)
Command duration or timeout: 4.52 seconds
Build info: version: '3.7.1', revision: '8a0099a', time: '2017-11-06T21:07:36.161Z'
System info: host: 'DESKTOP-OR7KM58', ip: '172.20.241.177', os.name: 'Windows 10', os.arch: 'amd64', os.version: '10.0', java.version: '1.8.0_102'
Driver info: driver.version: CChromeDriver)"/>
         <system-out><![CDATA[2018-05-10 16:39:14 - [TEST_CASE][FAILED] - Test Cases/TestCaseLoginUser: Test Cases/TestCaseLoginUser FAILED because (of) Unable to open browser with url: '' (Root cause: org.openqa.selenium.SessionNotCreatedException: session not created exception
from chrome not reachable
  (Session info: chrome=66.0.3359.139)
  (Driver info: chromedriver=2.35.528161 (5b82f2d2aae0ca24b877009200ced9065a772e73),platform=Windows NT 10.0.16299 x86_64) (WARNING: The server did not provide any stacktrace information)
Command duration or timeout: 4.52 seconds
Build info: version: '3.7.1', revision: '8a0099a', time: '2017-11-06T21:07:36.161Z'
System info: host: 'DESKTOP-OR7KM58', ip: '172.20.241.177', os.name: 'Windows 10', os.arch: 'amd64', os.version: '10.0', java.version: '1.8.0_102'
Driver info: driver.version: CChromeDriver)

2018-05-10 16:39:14 - [TEST_STEP][FAILED] - openBrowser: Unable to open browser with url: '' (Root cause: org.openqa.selenium.SessionNotCreatedException: session not created exception
from chrome not reachable
  (Session info: chrome=66.0.3359.139)
  (Driver info: chromedriver=2.35.528161 (5b82f2d2aae0ca24b877009200ced9065a772e73),platform=Windows NT 10.0.16299 x86_64) (WARNING: The server did not provide any stacktrace information)
Command duration or timeout: 4.52 seconds
Build info: version: '3.7.1', revision: '8a0099a', time: '2017-11-06T21:07:36.161Z'
System info: host: 'DESKTOP-OR7KM58', ip: '172.20.241.177', os.name: 'Windows 10', os.arch: 'amd64', os.version: '10.0', java.version: '1.8.0_102'
Driver info: driver.version: CChromeDriver)

2018-05-10 16:39:14 - [MESSAGE][WARNING] - A browser is already opened. Closing browser and opening a new one

2018-05-10 16:39:20 - [MESSAGE][FAILED] - Unable to open browser with url: '' (Root cause: org.openqa.selenium.SessionNotCreatedException: session not created exception
from chrome not reachable
  (Session info: chrome=66.0.3359.139)
  (Driver info: chromedriver=2.35.528161 (5b82f2d2aae0ca24b877009200ced9065a772e73),platform=Windows NT 10.0.16299 x86_64) (WARNING: The server did not provide any stacktrace information)
Command duration or timeout: 4.52 seconds
Build info: version: '3.7.1', revision: '8a0099a', time: '2017-11-06T21:07:36.161Z'
System info: host: 'DESKTOP-OR7KM58', ip: '172.20.241.177', os.name: 'Windows 10', os.arch: 'amd64', os.version: '10.0', java.version: '1.8.0_102'
Driver info: driver.version: CChromeDriver)]]></system-out>
         <system-err><![CDATA[2018-05-10 16:39:14 - [TEST_CASE][FAILED] - Test Cases/TestCaseLoginUser: Test Cases/TestCaseLoginUser FAILED because (of) Unable to open browser with url: '' (Root cause: org.openqa.selenium.SessionNotCreatedException: session not created exception
from chrome not reachable
  (Session info: chrome=66.0.3359.139)
  (Driver info: chromedriver=2.35.528161 (5b82f2d2aae0ca24b877009200ced9065a772e73),platform=Windows NT 10.0.16299 x86_64) (WARNING: The server did not provide any stacktrace information)
Command duration or timeout: 4.52 seconds
Build info: version: '3.7.1', revision: '8a0099a', time: '2017-11-06T21:07:36.161Z'
System info: host: 'DESKTOP-OR7KM58', ip: '172.20.241.177', os.name: 'Windows 10', os.arch: 'amd64', os.version: '10.0', java.version: '1.8.0_102'
Driver info: driver.version: CChromeDriver)]]></system-err>
      </testcase>
      <system-out><![CDATA[2018-05-10 16:37:13 - [TEST_SUITE][FAILED] - TestSuiteLogin: Test Cases/TestCaseLoginUser FAILED because (of) Unable to click on object 'Object Repository/LoginUser/Page_ProjectBackend/a_Carts' (Root cause: org.openqa.selenium.NoSuchWindowException: no such window: target window already closed
from unknown error: web view not found
  (Session info: chrome=66.0.3359.139)
  (Driver info: chromedriver=2.35.528161 (5b82f2d2aae0ca24b877009200ced9065a772e73),platform=Windows NT 10.0.16299 x86_64) (WARNING: The server did not provide any stacktrace information)
Command duration or timeout: 0 milliseconds
Build info: version: '3.7.1', revision: '8a0099a', time: '2017-11-06T21:07:36.161Z'
System info: host: 'DESKTOP-OR7KM58', ip: '172.20.241.177', os.name: 'Windows 10', os.arch: 'amd64', os.version: '10.0', java.version: '1.8.0_102'
Driver info: com.kms.katalon.selenium.driver.CChromeDriver
Capabilities {acceptInsecureCerts: false, acceptSslCerts: false, applicationCacheEnabled: false, browserConnectionEnabled: false, browserName: chrome, chrome: {chromedriverVersion: 2.35.528161 (5b82f2d2aae0ca..., userDataDir: C:\Users\LNV\AppData\Local\...}, cssSelectorsEnabled: true, databaseEnabled: false, handlesAlerts: true, hasTouchScreen: false, javascriptEnabled: true, locationContextEnabled: true, mobileEmulationEnabled: false, nativeEvents: true, networkConnectionEnabled: false, pageLoadStrategy: normal, platform: XP, platformName: XP, rotatable: false, setWindowRect: true, takesHeapSnapshot: true, takesScreenshot: true, unexpectedAlertBehaviour: , unhandledPromptBehavior: , version: 66.0.3359.139, webStorageEnabled: true}
Session ID: 52671d2b1df879fb238f3a02b568f655
*** Element info: {Using=xpath, value=id("navbarSupportedContent")/ul[@class="navbar-nav mr-auto"]/li[@class="nav-item"]/a[@class="nav-link"][count(. | //a[@href = '/cart' and (text() = 'Carts
            
          ' or . = 'Carts
            
          ')]) = count(//a[@href = '/cart' and (text() = 'Carts
            
          ' or . = 'Carts
            
          ')])]})]]></system-out>
      <system-err><![CDATA[2018-05-10 16:37:13 - [TEST_SUITE][FAILED] - TestSuiteLogin: Test Cases/TestCaseLoginUser FAILED because (of) Unable to click on object 'Object Repository/LoginUser/Page_ProjectBackend/a_Carts' (Root cause: org.openqa.selenium.NoSuchWindowException: no such window: target window already closed
from unknown error: web view not found
  (Session info: chrome=66.0.3359.139)
  (Driver info: chromedriver=2.35.528161 (5b82f2d2aae0ca24b877009200ced9065a772e73),platform=Windows NT 10.0.16299 x86_64) (WARNING: The server did not provide any stacktrace information)
Command duration or timeout: 0 milliseconds
Build info: version: '3.7.1', revision: '8a0099a', time: '2017-11-06T21:07:36.161Z'
System info: host: 'DESKTOP-OR7KM58', ip: '172.20.241.177', os.name: 'Windows 10', os.arch: 'amd64', os.version: '10.0', java.version: '1.8.0_102'
Driver info: com.kms.katalon.selenium.driver.CChromeDriver
Capabilities {acceptInsecureCerts: false, acceptSslCerts: false, applicationCacheEnabled: false, browserConnectionEnabled: false, browserName: chrome, chrome: {chromedriverVersion: 2.35.528161 (5b82f2d2aae0ca..., userDataDir: C:\Users\LNV\AppData\Local\...}, cssSelectorsEnabled: true, databaseEnabled: false, handlesAlerts: true, hasTouchScreen: false, javascriptEnabled: true, locationContextEnabled: true, mobileEmulationEnabled: false, nativeEvents: true, networkConnectionEnabled: false, pageLoadStrategy: normal, platform: XP, platformName: XP, rotatable: false, setWindowRect: true, takesHeapSnapshot: true, takesScreenshot: true, unexpectedAlertBehaviour: , unhandledPromptBehavior: , version: 66.0.3359.139, webStorageEnabled: true}
Session ID: 52671d2b1df879fb238f3a02b568f655
*** Element info: {Using=xpath, value=id("navbarSupportedContent")/ul[@class="navbar-nav mr-auto"]/li[@class="nav-item"]/a[@class="nav-link"][count(. | //a[@href = '/cart' and (text() = 'Carts
            
          ' or . = 'Carts
            
          ')]) = count(//a[@href = '/cart' and (text() = 'Carts
            
          ' or . = 'Carts
            
          ')])]})]]></system-err>
   </testsuite>
</testsuites>
