<?xml version="1.0" encoding="UTF-8"?>
<testsuites name="TestSuite2" time="48" tests="2" failures="0" errors="1">
   <testsuite name="TestSuite2" tests="2" failures="0" errors="1" time="48" timestamp="2018-05-10 16:56:31" hostname="LNV - DESKTOP-OR7KM58.mshome.net" id="Test Suites/TestSuite2">
      <properties>
         <property name="deviceName" value=""/>
         <property name="devicePlatform" value=""/>
         <property name="logFolder" value="C:\\Users\\LNV\\Katalon Studio\\234project-katalon\\Reports\\TestSuite2\\20180510_165628"/>
         <property name="logFiles" value="C:\\Users\\LNV\\Katalon Studio\\234project-katalon\\Reports\\TestSuite2\\20180510_165628\\execution0.log"/>
         <property name="attachments" value=""/>
         <property name="hostName" value="LNV - DESKTOP-OR7KM58.mshome.net"/>
         <property name="os" value="Windows 10 64bit"/>
         <property name="katalonVersion" value="5.4.1.1"/>
         <property name="browser" value="Chrome 66.0.3359.139"/>
         <property name="hostAddress" value="172.20.241.177"/>
         <property name="sessionId" value="30efe37cc24722193c8c44bd86236195"/>
         <property name="seleniumVersion" value="3.7.1"/>
         <property name="proxyInformation" value="ProxyInformation{proxyOption=NO_PROXY, proxyServerType=HTTP, password=, proxyServerAddress=, proxyServerPort=0}"/>
         <property name="platform" value="Windows 10"/>
      </properties>
      <testcase name="Test Cases/TestCaseAddToChart" classname="Test Cases/TestCaseAddToChart" status="PASSED">
         <system-out><![CDATA[2018-05-10 16:56:32 - [TEST_CASE][PASSED] - Test Cases/TestCaseAddToChart: Test Cases/TestCaseAddToChart

2018-05-10 16:56:33 - [TEST_STEP][PASSED] - openBrowser: Browser is opened with url: ''

2018-05-10 16:56:37 - [MESSAGE][PASSED] - Browser is opened with url: ''

2018-05-10 16:56:37 - [TEST_STEP][PASSED] - navigateToUrl: Navigate to 'http://54.186.33.226:2222/' successfully

2018-05-10 16:56:52 - [MESSAGE][PASSED] - Navigate to 'http://54.186.33.226:2222/' successfully

2018-05-10 16:56:52 - [TEST_STEP][PASSED] - setText: Text 'user' is set on object 'Object Repository/Page_ProjectBackend/input_username'

2018-05-10 16:56:52 - [MESSAGE][PASSED] - Text 'user' is set on object 'Object Repository/Page_ProjectBackend/input_username'

2018-05-10 16:56:52 - [TEST_STEP][PASSED] - setText: Text 'user' is set on object 'Object Repository/Page_ProjectBackend/input_password'

2018-05-10 16:56:53 - [MESSAGE][PASSED] - Text 'user' is set on object 'Object Repository/Page_ProjectBackend/input_password'

2018-05-10 16:56:53 - [TEST_STEP][PASSED] - click: Object: 'Object Repository/Page_ProjectBackend/button_Login' is clicked on

2018-05-10 16:56:53 - [MESSAGE][PASSED] - Object: 'Object Repository/Page_ProjectBackend/button_Login' is clicked on

2018-05-10 16:56:53 - [TEST_STEP][PASSED] - click: Object: 'Object Repository/Page_ProjectBackend/button_add to cart' is clicked on

2018-05-10 16:56:54 - [MESSAGE][PASSED] - Object: 'Object Repository/Page_ProjectBackend/button_add to cart' is clicked on

2018-05-10 16:56:54 - [TEST_STEP][PASSED] - click: Object: 'Object Repository/Page_ProjectBackend/div_already added' is clicked on

2018-05-10 16:56:54 - [MESSAGE][PASSED] - Object: 'Object Repository/Page_ProjectBackend/div_already added' is clicked on

2018-05-10 16:56:54 - [TEST_STEP][PASSED] - click: Object: 'Object Repository/Page_ProjectBackend/button_add to cart' is clicked on

2018-05-10 16:56:54 - [MESSAGE][PASSED] - Object: 'Object Repository/Page_ProjectBackend/button_add to cart' is clicked on

2018-05-10 16:56:54 - [TEST_STEP][PASSED] - click: Object: 'Object Repository/Page_ProjectBackend/div_already added' is clicked on

2018-05-10 16:56:54 - [MESSAGE][PASSED] - Object: 'Object Repository/Page_ProjectBackend/div_already added' is clicked on

2018-05-10 16:56:54 - [TEST_STEP][PASSED] - click: Object: 'Object Repository/Page_ProjectBackend/a_Carts            2' is clicked on

2018-05-10 16:56:54 - [MESSAGE][PASSED] - Object: 'Object Repository/Page_ProjectBackend/a_Carts            2' is clicked on

2018-05-10 16:56:54 - [TEST_STEP][PASSED] - click: Object: 'Object Repository/Page_ProjectBackend/h2_Shopping Cart' is clicked on

2018-05-10 16:56:55 - [MESSAGE][PASSED] - Object: 'Object Repository/Page_ProjectBackend/h2_Shopping Cart' is clicked on

2018-05-10 16:56:55 - [TEST_STEP][PASSED] - click: Object: 'Object Repository/Page_ProjectBackend/th_Product Name' is clicked on

2018-05-10 16:56:55 - [MESSAGE][PASSED] - Object: 'Object Repository/Page_ProjectBackend/th_Product Name' is clicked on

2018-05-10 16:56:55 - [TEST_STEP][PASSED] - click: Object: 'Object Repository/Page_ProjectBackend/th_Price' is clicked on

2018-05-10 16:56:55 - [MESSAGE][PASSED] - Object: 'Object Repository/Page_ProjectBackend/th_Price' is clicked on

2018-05-10 16:56:55 - [TEST_STEP][PASSED] - click: Object: 'Object Repository/Page_ProjectBackend/th_amount' is clicked on

2018-05-10 16:56:55 - [MESSAGE][PASSED] - Object: 'Object Repository/Page_ProjectBackend/th_amount' is clicked on

2018-05-10 16:56:55 - [TEST_STEP][PASSED] - click: Object: 'Object Repository/Page_ProjectBackend/td_Garden' is clicked on

2018-05-10 16:56:55 - [MESSAGE][PASSED] - Object: 'Object Repository/Page_ProjectBackend/td_Garden' is clicked on

2018-05-10 16:56:55 - [TEST_STEP][PASSED] - click: Object: 'Object Repository/Page_ProjectBackend/td_20000 THB' is clicked on

2018-05-10 16:56:55 - [MESSAGE][PASSED] - Object: 'Object Repository/Page_ProjectBackend/td_20000 THB' is clicked on

2018-05-10 16:56:55 - [TEST_STEP][PASSED] - click: Object: 'Object Repository/Page_ProjectBackend/div_col-4 center-block' is clicked on

2018-05-10 16:56:55 - [MESSAGE][PASSED] - Object: 'Object Repository/Page_ProjectBackend/div_col-4 center-block' is clicked on

2018-05-10 16:56:55 - [TEST_STEP][PASSED] - click: Object: 'Object Repository/Page_ProjectBackend/td_Banana' is clicked on

2018-05-10 16:56:55 - [MESSAGE][PASSED] - Object: 'Object Repository/Page_ProjectBackend/td_Banana' is clicked on

2018-05-10 16:56:55 - [TEST_STEP][PASSED] - click: Object: 'Object Repository/Page_ProjectBackend/td_150 THB' is clicked on

2018-05-10 16:56:56 - [MESSAGE][PASSED] - Object: 'Object Repository/Page_ProjectBackend/td_150 THB' is clicked on

2018-05-10 16:56:56 - [TEST_STEP][PASSED] - click: Object: 'Object Repository/Page_ProjectBackend/td' is clicked on

2018-05-10 16:56:56 - [MESSAGE][PASSED] - Object: 'Object Repository/Page_ProjectBackend/td' is clicked on

2018-05-10 16:56:56 - [TEST_STEP][PASSED] - click: Object: 'Object Repository/Page_ProjectBackend/p_Total price  20150 THB' is clicked on

2018-05-10 16:56:56 - [MESSAGE][PASSED] - Object: 'Object Repository/Page_ProjectBackend/p_Total price  20150 THB' is clicked on

2018-05-10 16:56:56 - [TEST_STEP][PASSED] - closeBrowser: Browser is closed

2018-05-10 16:56:57 - [MESSAGE][PASSED] - Browser is closed]]></system-out>
         <system-err><![CDATA[]]></system-err>
      </testcase>
      <testcase name="Test Cases/TestCaseChartPage" classname="Test Cases/TestCaseChartPage" status="ERROR">
         <error type="ERROR" message="Test Cases/TestCaseChartPage FAILED because (of) Variable 'user' is not defined for test case."/>
         <system-out><![CDATA[2018-05-10 16:56:57 - [TEST_CASE][ERROR] - Test Cases/TestCaseChartPage: Test Cases/TestCaseChartPage FAILED because (of) Variable 'user' is not defined for test case.

2018-05-10 16:56:57 - [TEST_STEP][PASSED] - openBrowser: Browser is opened with url: ''

2018-05-10 16:56:59 - [MESSAGE][PASSED] - Browser is opened with url: ''

2018-05-10 16:56:59 - [TEST_STEP][PASSED] - navigateToUrl: Navigate to 'http://54.186.33.226:2222/' successfully

2018-05-10 16:57:07 - [MESSAGE][PASSED] - Navigate to 'http://54.186.33.226:2222/' successfully

2018-05-10 16:57:07 - [TEST_STEP][PASSED] - setText: Finding Test Object with id 'Object Repository/ChartPage/Page_ProjectBackend/input_username']]></system-out>
         <system-err><![CDATA[2018-05-10 16:56:57 - [TEST_CASE][ERROR] - Test Cases/TestCaseChartPage: Test Cases/TestCaseChartPage FAILED because (of) Variable 'user' is not defined for test case.]]></system-err>
      </testcase>
      <testcase name="Test Cases/TestCaseProductShown" classname="Test Cases/TestCaseProductShown" status="PASSED">
         <system-out><![CDATA[2018-05-10 16:57:07 - [TEST_CASE][PASSED] - Test Cases/TestCaseProductShown: Test Cases/TestCaseProductShown

2018-05-10 16:57:07 - [TEST_STEP][PASSED] - openBrowser: Browser is opened with url: ''

2018-05-10 16:57:07 - [MESSAGE][WARNING] - A browser is already opened. Closing browser and opening a new one

2018-05-10 16:57:10 - [MESSAGE][PASSED] - Browser is opened with url: ''

2018-05-10 16:57:10 - [TEST_STEP][PASSED] - navigateToUrl: Navigate to 'http://54.186.33.226:2222/' successfully

2018-05-10 16:57:17 - [MESSAGE][PASSED] - Navigate to 'http://54.186.33.226:2222/' successfully

2018-05-10 16:57:17 - [TEST_STEP][PASSED] - setText: Text 'user' is set on object 'Object Repository/ShowProdPage/Page_ProjectBackend/input_username'

2018-05-10 16:57:17 - [MESSAGE][PASSED] - Text 'user' is set on object 'Object Repository/ShowProdPage/Page_ProjectBackend/input_username'

2018-05-10 16:57:17 - [TEST_STEP][PASSED] - setText: Text 'user' is set on object 'Object Repository/ShowProdPage/Page_ProjectBackend/input_password'

2018-05-10 16:57:18 - [MESSAGE][PASSED] - Text 'user' is set on object 'Object Repository/ShowProdPage/Page_ProjectBackend/input_password'

2018-05-10 16:57:18 - [TEST_STEP][PASSED] - click: Object: 'Object Repository/ShowProdPage/Page_ProjectBackend/button_Login' is clicked on

2018-05-10 16:57:18 - [MESSAGE][PASSED] - Object: 'Object Repository/ShowProdPage/Page_ProjectBackend/button_Login' is clicked on

2018-05-10 16:57:18 - [TEST_STEP][PASSED] - click: Object: 'Object Repository/ShowProdPage/Page_ProjectBackend/div_Products' is clicked on

2018-05-10 16:57:19 - [MESSAGE][PASSED] - Object: 'Object Repository/ShowProdPage/Page_ProjectBackend/div_Products' is clicked on

2018-05-10 16:57:19 - [TEST_STEP][PASSED] - click: Object: 'Object Repository/ShowProdPage/Page_ProjectBackend/button_Logout' is clicked on

2018-05-10 16:57:19 - [MESSAGE][PASSED] - Object: 'Object Repository/ShowProdPage/Page_ProjectBackend/button_Logout' is clicked on

2018-05-10 16:57:19 - [TEST_STEP][PASSED] - closeBrowser: Browser is closed

2018-05-10 16:57:20 - [MESSAGE][PASSED] - Browser is closed]]></system-out>
         <system-err><![CDATA[]]></system-err>
      </testcase>
      <system-out><![CDATA[2018-05-10 16:56:31 - [TEST_SUITE][ERROR] - TestSuite2: Test Cases/TestCaseChartPage FAILED because (of) Variable 'user' is not defined for test case.]]></system-out>
      <system-err><![CDATA[2018-05-10 16:56:31 - [TEST_SUITE][ERROR] - TestSuite2: Test Cases/TestCaseChartPage FAILED because (of) Variable 'user' is not defined for test case.]]></system-err>
   </testsuite>
</testsuites>
