<?xml version="1.0" encoding="UTF-8"?>
<testsuites name="TestSuiteLogin" time="148" tests="5" failures="2" errors="0">
   <testsuite name="TestSuiteLogin" tests="5" failures="2" errors="0" time="148" timestamp="2018-05-10 16:20:08" hostname="LNV - DESKTOP-OR7KM58.mshome.net" id="Test Suites/TestSuiteLogin">
      <properties>
         <property name="deviceName" value=""/>
         <property name="devicePlatform" value=""/>
         <property name="logFolder" value="C:\\Users\\LNV\\Katalon Studio\\234project-katalon\\Reports\\TestSuiteLogin\\20180510_162005"/>
         <property name="logFiles" value="C:\\Users\\LNV\\Katalon Studio\\234project-katalon\\Reports\\TestSuiteLogin\\20180510_162005\\execution0.log"/>
         <property name="attachments" value="C:\\Users\\LNV\\Katalon Studio\\234project-katalon\\Reports\\TestSuiteLogin\\20180510_162005\\1525944103218.png"/>
         <property name="hostName" value="LNV - DESKTOP-OR7KM58.mshome.net"/>
         <property name="os" value="Windows 10 64bit"/>
         <property name="katalonVersion" value="5.4.1.1"/>
         <property name="browser" value="Chrome 66.0.3359.139"/>
         <property name="hostAddress" value="172.20.241.177"/>
         <property name="sessionId" value="0852265f9be2ddcbeb3ce8b402d2c8a7"/>
         <property name="seleniumVersion" value="3.7.1"/>
         <property name="proxyInformation" value="ProxyInformation{proxyOption=NO_PROXY, proxyServerType=HTTP, password=, proxyServerAddress=, proxyServerPort=0}"/>
         <property name="platform" value="Windows 10"/>
      </properties>
      <testcase name="Test Cases/TestCaseLoginUser" classname="Test Cases/TestCaseLoginUser" status="PASSED">
         <system-out><![CDATA[2018-05-10 16:20:09 - [TEST_CASE][PASSED] - Test Cases/TestCaseLoginUser: Test Cases/TestCaseLoginUser

2018-05-10 16:20:09 - [TEST_STEP][PASSED] - openBrowser: Browser is opened with url: ''

2018-05-10 16:20:14 - [MESSAGE][PASSED] - Browser is opened with url: ''

2018-05-10 16:20:14 - [TEST_STEP][PASSED] - navigateToUrl: Navigate to 'http://54.186.33.226:2222/' successfully

2018-05-10 16:20:23 - [MESSAGE][PASSED] - Navigate to 'http://54.186.33.226:2222/' successfully

2018-05-10 16:20:23 - [TEST_STEP][PASSED] - setText: Text 'user' is set on object 'Object Repository/LoginUser/Page_ProjectBackend/input_username'

2018-05-10 16:20:23 - [MESSAGE][PASSED] - Text 'user' is set on object 'Object Repository/LoginUser/Page_ProjectBackend/input_username'

2018-05-10 16:20:23 - [TEST_STEP][PASSED] - setText: Text 'user' is set on object 'Object Repository/LoginUser/Page_ProjectBackend/input_password'

2018-05-10 16:20:24 - [MESSAGE][PASSED] - Text 'user' is set on object 'Object Repository/LoginUser/Page_ProjectBackend/input_password'

2018-05-10 16:20:24 - [TEST_STEP][PASSED] - click: Object: 'Object Repository/LoginUser/Page_ProjectBackend/button_Login' is clicked on

2018-05-10 16:20:24 - [MESSAGE][PASSED] - Object: 'Object Repository/LoginUser/Page_ProjectBackend/button_Login' is clicked on

2018-05-10 16:20:24 - [TEST_STEP][PASSED] - click: Object: 'Object Repository/LoginUser/Page_ProjectBackend/a_Products' is clicked on

2018-05-10 16:20:25 - [MESSAGE][PASSED] - Object: 'Object Repository/LoginUser/Page_ProjectBackend/a_Products' is clicked on

2018-05-10 16:20:25 - [TEST_STEP][PASSED] - click: Object: 'Object Repository/LoginUser/Page_ProjectBackend/a_Carts' is clicked on

2018-05-10 16:20:25 - [MESSAGE][PASSED] - Object: 'Object Repository/LoginUser/Page_ProjectBackend/a_Carts' is clicked on

2018-05-10 16:20:25 - [TEST_STEP][PASSED] - click: Object: 'Object Repository/LoginUser/Page_ProjectBackend/button_Logout' is clicked on

2018-05-10 16:20:26 - [MESSAGE][PASSED] - Object: 'Object Repository/LoginUser/Page_ProjectBackend/button_Logout' is clicked on

2018-05-10 16:20:26 - [TEST_STEP][PASSED] - closeBrowser: Browser is closed

2018-05-10 16:20:26 - [MESSAGE][PASSED] - Browser is closed]]></system-out>
         <system-err><![CDATA[]]></system-err>
      </testcase>
      <testcase name="Test Cases/TestCaseLoginUser" classname="Test Cases/TestCaseLoginUser" status="FAILED">
         <failure type="FAILED" message="Unable to click on object 'Object Repository/LoginUser/Page_ProjectBackend/a_Carts' (Root cause: org.openqa.selenium.NoSuchWindowException: no such window: target window already closed
from unknown error: web view not found
  (Session info: chrome=66.0.3359.139)
  (Driver info: chromedriver=2.35.528161 (5b82f2d2aae0ca24b877009200ced9065a772e73),platform=Windows NT 10.0.16299 x86_64) (WARNING: The server did not provide any stacktrace information)
Command duration or timeout: 0 milliseconds
Build info: version: '3.7.1', revision: '8a0099a', time: '2017-11-06T21:07:36.161Z'
System info: host: 'DESKTOP-OR7KM58', ip: '172.20.241.177', os.name: 'Windows 10', os.arch: 'amd64', os.version: '10.0', java.version: '1.8.0_102'
Driver info: com.kms.katalon.selenium.driver.CChromeDriver
Capabilities {acceptInsecureCerts: false, acceptSslCerts: false, applicationCacheEnabled: false, browserConnectionEnabled: false, browserName: chrome, chrome: {chromedriverVersion: 2.35.528161 (5b82f2d2aae0ca..., userDataDir: C:\Users\LNV\AppData\Local\...}, cssSelectorsEnabled: true, databaseEnabled: false, handlesAlerts: true, hasTouchScreen: false, javascriptEnabled: true, locationContextEnabled: true, mobileEmulationEnabled: false, nativeEvents: true, networkConnectionEnabled: false, pageLoadStrategy: normal, platform: XP, platformName: XP, rotatable: false, setWindowRect: true, takesHeapSnapshot: true, takesScreenshot: true, unexpectedAlertBehaviour: , unhandledPromptBehavior: , version: 66.0.3359.139, webStorageEnabled: true}
Session ID: d6a52d2182e30bb6f89def3eed166f60
*** Element info: {Using=xpath, value=//a[@href = '/cart' and (text() = 'Carts
            
          ' or . = 'Carts
            
          ')]})"/>
         <system-out><![CDATA[2018-05-10 16:20:26 - [TEST_CASE][FAILED] - Test Cases/TestCaseLoginUser: Test Cases/TestCaseLoginUser FAILED because (of) Unable to click on object 'Object Repository/LoginUser/Page_ProjectBackend/a_Carts' (Root cause: org.openqa.selenium.NoSuchWindowException: no such window: target window already closed
from unknown error: web view not found
  (Session info: chrome=66.0.3359.139)
  (Driver info: chromedriver=2.35.528161 (5b82f2d2aae0ca24b877009200ced9065a772e73),platform=Windows NT 10.0.16299 x86_64) (WARNING: The server did not provide any stacktrace information)
Command duration or timeout: 0 milliseconds
Build info: version: '3.7.1', revision: '8a0099a', time: '2017-11-06T21:07:36.161Z'
System info: host: 'DESKTOP-OR7KM58', ip: '172.20.241.177', os.name: 'Windows 10', os.arch: 'amd64', os.version: '10.0', java.version: '1.8.0_102'
Driver info: com.kms.katalon.selenium.driver.CChromeDriver
Capabilities {acceptInsecureCerts: false, acceptSslCerts: false, applicationCacheEnabled: false, browserConnectionEnabled: false, browserName: chrome, chrome: {chromedriverVersion: 2.35.528161 (5b82f2d2aae0ca..., userDataDir: C:\Users\LNV\AppData\Local\...}, cssSelectorsEnabled: true, databaseEnabled: false, handlesAlerts: true, hasTouchScreen: false, javascriptEnabled: true, locationContextEnabled: true, mobileEmulationEnabled: false, nativeEvents: true, networkConnectionEnabled: false, pageLoadStrategy: normal, platform: XP, platformName: XP, rotatable: false, setWindowRect: true, takesHeapSnapshot: true, takesScreenshot: true, unexpectedAlertBehaviour: , unhandledPromptBehavior: , version: 66.0.3359.139, webStorageEnabled: true}
Session ID: d6a52d2182e30bb6f89def3eed166f60
*** Element info: {Using=xpath, value=//a[@href = '/cart' and (text() = 'Carts
            
          ' or . = 'Carts
            
          ')]})

2018-05-10 16:20:26 - [TEST_STEP][PASSED] - openBrowser: Browser is opened with url: ''

2018-05-10 16:20:30 - [MESSAGE][PASSED] - Browser is opened with url: ''

2018-05-10 16:20:30 - [TEST_STEP][PASSED] - navigateToUrl: Navigate to 'http://54.186.33.226:2222/' successfully

2018-05-10 16:20:39 - [MESSAGE][PASSED] - Navigate to 'http://54.186.33.226:2222/' successfully

2018-05-10 16:20:39 - [TEST_STEP][PASSED] - setText: Text 'admin' is set on object 'Object Repository/LoginUser/Page_ProjectBackend/input_username'

2018-05-10 16:20:40 - [MESSAGE][PASSED] - Text 'admin' is set on object 'Object Repository/LoginUser/Page_ProjectBackend/input_username'

2018-05-10 16:20:40 - [TEST_STEP][PASSED] - setText: Text 'admin' is set on object 'Object Repository/LoginUser/Page_ProjectBackend/input_password'

2018-05-10 16:20:40 - [MESSAGE][PASSED] - Text 'admin' is set on object 'Object Repository/LoginUser/Page_ProjectBackend/input_password'

2018-05-10 16:20:40 - [TEST_STEP][PASSED] - click: Object: 'Object Repository/LoginUser/Page_ProjectBackend/button_Login' is clicked on

2018-05-10 16:20:40 - [MESSAGE][PASSED] - Object: 'Object Repository/LoginUser/Page_ProjectBackend/button_Login' is clicked on

2018-05-10 16:20:40 - [TEST_STEP][PASSED] - click: Object: 'Object Repository/LoginUser/Page_ProjectBackend/a_Products' is clicked on

2018-05-10 16:20:41 - [MESSAGE][PASSED] - Object: 'Object Repository/LoginUser/Page_ProjectBackend/a_Products' is clicked on

2018-05-10 16:20:41 - [TEST_STEP][FAILED] - click: Unable to click on object 'Object Repository/LoginUser/Page_ProjectBackend/a_Carts' (Root cause: org.openqa.selenium.NoSuchWindowException: no such window: target window already closed
from unknown error: web view not found
  (Session info: chrome=66.0.3359.139)
  (Driver info: chromedriver=2.35.528161 (5b82f2d2aae0ca24b877009200ced9065a772e73),platform=Windows NT 10.0.16299 x86_64) (WARNING: The server did not provide any stacktrace information)
Command duration or timeout: 0 milliseconds
Build info: version: '3.7.1', revision: '8a0099a', time: '2017-11-06T21:07:36.161Z'
System info: host: 'DESKTOP-OR7KM58', ip: '172.20.241.177', os.name: 'Windows 10', os.arch: 'amd64', os.version: '10.0', java.version: '1.8.0_102'
Driver info: com.kms.katalon.selenium.driver.CChromeDriver
Capabilities {acceptInsecureCerts: false, acceptSslCerts: false, applicationCacheEnabled: false, browserConnectionEnabled: false, browserName: chrome, chrome: {chromedriverVersion: 2.35.528161 (5b82f2d2aae0ca..., userDataDir: C:\Users\LNV\AppData\Local\...}, cssSelectorsEnabled: true, databaseEnabled: false, handlesAlerts: true, hasTouchScreen: false, javascriptEnabled: true, locationContextEnabled: true, mobileEmulationEnabled: false, nativeEvents: true, networkConnectionEnabled: false, pageLoadStrategy: normal, platform: XP, platformName: XP, rotatable: false, setWindowRect: true, takesHeapSnapshot: true, takesScreenshot: true, unexpectedAlertBehaviour: , unhandledPromptBehavior: , version: 66.0.3359.139, webStorageEnabled: true}
Session ID: d6a52d2182e30bb6f89def3eed166f60
*** Element info: {Using=xpath, value=//a[@href = '/cart' and (text() = 'Carts
            
          ' or . = 'Carts
            
          ')]})

2018-05-10 16:20:58 - [MESSAGE][WARNING] - Cannot take screenshot

2018-05-10 16:20:58 - [MESSAGE][FAILED] - Unable to click on object 'Object Repository/LoginUser/Page_ProjectBackend/a_Carts' (Root cause: org.openqa.selenium.NoSuchWindowException: no such window: target window already closed
from unknown error: web view not found
  (Session info: chrome=66.0.3359.139)
  (Driver info: chromedriver=2.35.528161 (5b82f2d2aae0ca24b877009200ced9065a772e73),platform=Windows NT 10.0.16299 x86_64) (WARNING: The server did not provide any stacktrace information)
Command duration or timeout: 0 milliseconds
Build info: version: '3.7.1', revision: '8a0099a', time: '2017-11-06T21:07:36.161Z'
System info: host: 'DESKTOP-OR7KM58', ip: '172.20.241.177', os.name: 'Windows 10', os.arch: 'amd64', os.version: '10.0', java.version: '1.8.0_102'
Driver info: com.kms.katalon.selenium.driver.CChromeDriver
Capabilities {acceptInsecureCerts: false, acceptSslCerts: false, applicationCacheEnabled: false, browserConnectionEnabled: false, browserName: chrome, chrome: {chromedriverVersion: 2.35.528161 (5b82f2d2aae0ca..., userDataDir: C:\Users\LNV\AppData\Local\...}, cssSelectorsEnabled: true, databaseEnabled: false, handlesAlerts: true, hasTouchScreen: false, javascriptEnabled: true, locationContextEnabled: true, mobileEmulationEnabled: false, nativeEvents: true, networkConnectionEnabled: false, pageLoadStrategy: normal, platform: XP, platformName: XP, rotatable: false, setWindowRect: true, takesHeapSnapshot: true, takesScreenshot: true, unexpectedAlertBehaviour: , unhandledPromptBehavior: , version: 66.0.3359.139, webStorageEnabled: true}
Session ID: d6a52d2182e30bb6f89def3eed166f60
*** Element info: {Using=xpath, value=//a[@href = '/cart' and (text() = 'Carts
            
          ' or . = 'Carts
            
          ')]})]]></system-out>
         <system-err><![CDATA[2018-05-10 16:20:26 - [TEST_CASE][FAILED] - Test Cases/TestCaseLoginUser: Test Cases/TestCaseLoginUser FAILED because (of) Unable to click on object 'Object Repository/LoginUser/Page_ProjectBackend/a_Carts' (Root cause: org.openqa.selenium.NoSuchWindowException: no such window: target window already closed
from unknown error: web view not found
  (Session info: chrome=66.0.3359.139)
  (Driver info: chromedriver=2.35.528161 (5b82f2d2aae0ca24b877009200ced9065a772e73),platform=Windows NT 10.0.16299 x86_64) (WARNING: The server did not provide any stacktrace information)
Command duration or timeout: 0 milliseconds
Build info: version: '3.7.1', revision: '8a0099a', time: '2017-11-06T21:07:36.161Z'
System info: host: 'DESKTOP-OR7KM58', ip: '172.20.241.177', os.name: 'Windows 10', os.arch: 'amd64', os.version: '10.0', java.version: '1.8.0_102'
Driver info: com.kms.katalon.selenium.driver.CChromeDriver
Capabilities {acceptInsecureCerts: false, acceptSslCerts: false, applicationCacheEnabled: false, browserConnectionEnabled: false, browserName: chrome, chrome: {chromedriverVersion: 2.35.528161 (5b82f2d2aae0ca..., userDataDir: C:\Users\LNV\AppData\Local\...}, cssSelectorsEnabled: true, databaseEnabled: false, handlesAlerts: true, hasTouchScreen: false, javascriptEnabled: true, locationContextEnabled: true, mobileEmulationEnabled: false, nativeEvents: true, networkConnectionEnabled: false, pageLoadStrategy: normal, platform: XP, platformName: XP, rotatable: false, setWindowRect: true, takesHeapSnapshot: true, takesScreenshot: true, unexpectedAlertBehaviour: , unhandledPromptBehavior: , version: 66.0.3359.139, webStorageEnabled: true}
Session ID: d6a52d2182e30bb6f89def3eed166f60
*** Element info: {Using=xpath, value=//a[@href = '/cart' and (text() = 'Carts
            
          ' or . = 'Carts
            
          ')]})]]></system-err>
      </testcase>
      <testcase name="Test Cases/TestCaseLoginUser" classname="Test Cases/TestCaseLoginUser" status="FAILED">
         <failure type="FAILED" message="Unable to click on object 'Object Repository/LoginUser/Page_ProjectBackend/a_Products' (Root cause: com.kms.katalon.core.webui.exception.WebElementNotFoundException: Web element with id: 'Object Repository/LoginUser/Page_ProjectBackend/a_Products' located by 'By.xpath: //a[@href = '/products' and (text() = 'Products
          ' or . = 'Products
          ')]' not found)"/>
         <system-out><![CDATA[2018-05-10 16:20:58 - [TEST_CASE][FAILED] - Test Cases/TestCaseLoginUser: Test Cases/TestCaseLoginUser FAILED because (of) Unable to click on object 'Object Repository/LoginUser/Page_ProjectBackend/a_Products' (Root cause: com.kms.katalon.core.webui.exception.WebElementNotFoundException: Web element with id: 'Object Repository/LoginUser/Page_ProjectBackend/a_Products' located by 'By.xpath: //a[@href = '/products' and (text() = 'Products
          ' or . = 'Products
          ')]' not found)

2018-05-10 16:20:58 - [TEST_STEP][PASSED] - openBrowser: Browser is opened with url: ''

2018-05-10 16:20:58 - [MESSAGE][WARNING] - A browser is already opened. Closing browser and opening a new one

2018-05-10 16:21:02 - [MESSAGE][PASSED] - Browser is opened with url: ''

2018-05-10 16:21:02 - [TEST_STEP][PASSED] - navigateToUrl: Navigate to 'http://54.186.33.226:2222/' successfully

2018-05-10 16:21:11 - [MESSAGE][PASSED] - Navigate to 'http://54.186.33.226:2222/' successfully

2018-05-10 16:21:11 - [TEST_STEP][PASSED] - setText: Text 'notUser' is set on object 'Object Repository/LoginUser/Page_ProjectBackend/input_username'

2018-05-10 16:21:12 - [MESSAGE][PASSED] - Text 'notUser' is set on object 'Object Repository/LoginUser/Page_ProjectBackend/input_username'

2018-05-10 16:21:12 - [TEST_STEP][PASSED] - setText: Text 'notPass' is set on object 'Object Repository/LoginUser/Page_ProjectBackend/input_password'

2018-05-10 16:21:12 - [MESSAGE][PASSED] - Text 'notPass' is set on object 'Object Repository/LoginUser/Page_ProjectBackend/input_password'

2018-05-10 16:21:12 - [TEST_STEP][PASSED] - click: Object: 'Object Repository/LoginUser/Page_ProjectBackend/button_Login' is clicked on

2018-05-10 16:21:12 - [MESSAGE][PASSED] - Object: 'Object Repository/LoginUser/Page_ProjectBackend/button_Login' is clicked on

2018-05-10 16:21:12 - [TEST_STEP][FAILED] - click: Unable to click on object 'Object Repository/LoginUser/Page_ProjectBackend/a_Products' (Root cause: com.kms.katalon.core.webui.exception.WebElementNotFoundException: Web element with id: 'Object Repository/LoginUser/Page_ProjectBackend/a_Products' located by 'By.xpath: //a[@href = '/products' and (text() = 'Products
          ' or . = 'Products
          ')]' not found)

2018-05-10 16:21:43 - [MESSAGE][FAILED] - Unable to click on object 'Object Repository/LoginUser/Page_ProjectBackend/a_Products' (Root cause: com.kms.katalon.core.webui.exception.WebElementNotFoundException: Web element with id: 'Object Repository/LoginUser/Page_ProjectBackend/a_Products' located by 'By.xpath: //a[@href = '/products' and (text() = 'Products
          ' or . = 'Products
          ')]' not found)
[[ATTACHMENT|C:\\Users\\LNV\\Katalon Studio\\234project-katalon\\Reports\\TestSuiteLogin\\20180510_162005\\1525944103218.png]]]]></system-out>
         <system-err><![CDATA[2018-05-10 16:20:58 - [TEST_CASE][FAILED] - Test Cases/TestCaseLoginUser: Test Cases/TestCaseLoginUser FAILED because (of) Unable to click on object 'Object Repository/LoginUser/Page_ProjectBackend/a_Products' (Root cause: com.kms.katalon.core.webui.exception.WebElementNotFoundException: Web element with id: 'Object Repository/LoginUser/Page_ProjectBackend/a_Products' located by 'By.xpath: //a[@href = '/products' and (text() = 'Products
          ' or . = 'Products
          ')]' not found)]]></system-err>
      </testcase>
      <testcase name="Test Cases/TestCaseLoginAdmin" classname="Test Cases/TestCaseLoginAdmin" status="PASSED">
         <system-out><![CDATA[2018-05-10 16:21:43 - [TEST_CASE][PASSED] - Test Cases/TestCaseLoginAdmin: Test Cases/TestCaseLoginAdmin

2018-05-10 16:21:43 - [TEST_STEP][PASSED] - openBrowser: Browser is opened with url: ''

2018-05-10 16:21:43 - [MESSAGE][WARNING] - A browser is already opened. Closing browser and opening a new one

2018-05-10 16:21:47 - [MESSAGE][PASSED] - Browser is opened with url: ''

2018-05-10 16:21:47 - [TEST_STEP][PASSED] - navigateToUrl: Navigate to 'http://54.186.33.226:2222/' successfully

2018-05-10 16:21:56 - [MESSAGE][PASSED] - Navigate to 'http://54.186.33.226:2222/' successfully

2018-05-10 16:21:56 - [TEST_STEP][PASSED] - setText: Text 'admin' is set on object 'Object Repository/LoginAdmin/Page_ProjectBackend/input_username'

2018-05-10 16:21:56 - [MESSAGE][PASSED] - Text 'admin' is set on object 'Object Repository/LoginAdmin/Page_ProjectBackend/input_username'

2018-05-10 16:21:56 - [TEST_STEP][PASSED] - setText: Text 'admin' is set on object 'Object Repository/LoginAdmin/Page_ProjectBackend/input_password'

2018-05-10 16:21:56 - [MESSAGE][PASSED] - Text 'admin' is set on object 'Object Repository/LoginAdmin/Page_ProjectBackend/input_password'

2018-05-10 16:21:56 - [TEST_STEP][PASSED] - click: Object: 'Object Repository/LoginAdmin/Page_ProjectBackend/button_Login' is clicked on

2018-05-10 16:21:56 - [MESSAGE][PASSED] - Object: 'Object Repository/LoginAdmin/Page_ProjectBackend/button_Login' is clicked on

2018-05-10 16:21:56 - [TEST_STEP][PASSED] - click: Object: 'Object Repository/LoginAdmin/Page_ProjectBackend/a_Products' is clicked on

2018-05-10 16:21:58 - [MESSAGE][PASSED] - Object: 'Object Repository/LoginAdmin/Page_ProjectBackend/a_Products' is clicked on

2018-05-10 16:21:58 - [TEST_STEP][PASSED] - click: Object: 'Object Repository/LoginAdmin/Page_ProjectBackend/a_Total Transaction' is clicked on

2018-05-10 16:21:58 - [MESSAGE][PASSED] - Object: 'Object Repository/LoginAdmin/Page_ProjectBackend/a_Total Transaction' is clicked on

2018-05-10 16:21:58 - [TEST_STEP][PASSED] - click: Object: 'Object Repository/LoginAdmin/Page_ProjectBackend/button_Logout' is clicked on

2018-05-10 16:21:58 - [MESSAGE][PASSED] - Object: 'Object Repository/LoginAdmin/Page_ProjectBackend/button_Logout' is clicked on

2018-05-10 16:21:58 - [TEST_STEP][PASSED] - closeBrowser: Browser is closed

2018-05-10 16:21:59 - [MESSAGE][PASSED] - Browser is closed]]></system-out>
         <system-err><![CDATA[]]></system-err>
      </testcase>
      <testcase name="Test Cases/TestCaseIncorrectUserPass" classname="Test Cases/TestCaseIncorrectUserPass" status="PASSED">
         <system-out><![CDATA[2018-05-10 16:21:59 - [TEST_CASE][PASSED] - Test Cases/TestCaseIncorrectUserPass: Test Cases/TestCaseIncorrectUserPass

2018-05-10 16:21:59 - [TEST_STEP][PASSED] - openBrowser: Browser is opened with url: ''

2018-05-10 16:22:01 - [MESSAGE][PASSED] - Browser is opened with url: ''

2018-05-10 16:22:01 - [TEST_STEP][PASSED] - navigateToUrl: Navigate to 'http://54.186.33.226:2222/' successfully

2018-05-10 16:22:09 - [MESSAGE][PASSED] - Navigate to 'http://54.186.33.226:2222/' successfully

2018-05-10 16:22:09 - [TEST_STEP][PASSED] - setText: Text 'notUser' is set on object 'Object Repository/IncorrectUserPass/Page_ProjectBackend/input_username'

2018-05-10 16:22:10 - [MESSAGE][PASSED] - Text 'notUser' is set on object 'Object Repository/IncorrectUserPass/Page_ProjectBackend/input_username'

2018-05-10 16:22:10 - [TEST_STEP][PASSED] - setText: Text 'notPass' is set on object 'Object Repository/IncorrectUserPass/Page_ProjectBackend/input_password'

2018-05-10 16:22:10 - [MESSAGE][PASSED] - Text 'notPass' is set on object 'Object Repository/IncorrectUserPass/Page_ProjectBackend/input_password'

2018-05-10 16:22:10 - [TEST_STEP][PASSED] - click: Object: 'Object Repository/IncorrectUserPass/Page_ProjectBackend/button_Login' is clicked on

2018-05-10 16:22:10 - [MESSAGE][PASSED] - Object: 'Object Repository/IncorrectUserPass/Page_ProjectBackend/button_Login' is clicked on

2018-05-10 16:22:10 - [TEST_STEP][PASSED] - click: Object: 'Object Repository/IncorrectUserPass/Page_ProjectBackend/div_Usernamepassword is incorr' is clicked on

2018-05-10 16:22:11 - [MESSAGE][PASSED] - Object: 'Object Repository/IncorrectUserPass/Page_ProjectBackend/div_Usernamepassword is incorr' is clicked on

2018-05-10 16:22:11 - [TEST_STEP][PASSED] - closeBrowser: Browser is closed

2018-05-10 16:22:12 - [MESSAGE][PASSED] - Browser is closed]]></system-out>
         <system-err><![CDATA[]]></system-err>
      </testcase>
      <testcase name="Test Cases/TestCaseEmptyUser" classname="Test Cases/TestCaseEmptyUser" status="PASSED">
         <system-out><![CDATA[2018-05-10 16:22:12 - [TEST_CASE][PASSED] - Test Cases/TestCaseEmptyUser: Test Cases/TestCaseEmptyUser

2018-05-10 16:22:12 - [TEST_STEP][PASSED] - openBrowser: Browser is opened with url: ''

2018-05-10 16:22:15 - [MESSAGE][PASSED] - Browser is opened with url: ''

2018-05-10 16:22:15 - [TEST_STEP][PASSED] - navigateToUrl: Navigate to 'http://54.186.33.226:2222/' successfully

2018-05-10 16:22:24 - [MESSAGE][PASSED] - Navigate to 'http://54.186.33.226:2222/' successfully

2018-05-10 16:22:24 - [TEST_STEP][PASSED] - setText: Text 'user' is set on object 'Object Repository/UsernameEmpty/Page_ProjectBackend/input_password'

2018-05-10 16:22:24 - [MESSAGE][PASSED] - Text 'user' is set on object 'Object Repository/UsernameEmpty/Page_ProjectBackend/input_password'

2018-05-10 16:22:24 - [TEST_STEP][PASSED] - click: Object: 'Object Repository/UsernameEmpty/Page_ProjectBackend/button_Login' is clicked on

2018-05-10 16:22:24 - [MESSAGE][PASSED] - Object: 'Object Repository/UsernameEmpty/Page_ProjectBackend/button_Login' is clicked on

2018-05-10 16:22:24 - [TEST_STEP][PASSED] - click: Object: 'Object Repository/UsernameEmpty/Page_ProjectBackend/label_Username is required' is clicked on

2018-05-10 16:22:25 - [MESSAGE][PASSED] - Object: 'Object Repository/UsernameEmpty/Page_ProjectBackend/label_Username is required' is clicked on

2018-05-10 16:22:25 - [TEST_STEP][PASSED] - closeBrowser: Browser is closed

2018-05-10 16:22:25 - [MESSAGE][PASSED] - Browser is closed]]></system-out>
         <system-err><![CDATA[]]></system-err>
      </testcase>
      <testcase name="Test Cases/TestCaseEmptyPassw" classname="Test Cases/TestCaseEmptyPassw" status="PASSED">
         <system-out><![CDATA[2018-05-10 16:22:25 - [TEST_CASE][PASSED] - Test Cases/TestCaseEmptyPassw: Test Cases/TestCaseEmptyPassw

2018-05-10 16:22:26 - [TEST_STEP][PASSED] - openBrowser: Browser is opened with url: ''

2018-05-10 16:22:28 - [MESSAGE][PASSED] - Browser is opened with url: ''

2018-05-10 16:22:28 - [TEST_STEP][PASSED] - navigateToUrl: Navigate to 'http://54.186.33.226:2222/' successfully

2018-05-10 16:22:35 - [MESSAGE][PASSED] - Navigate to 'http://54.186.33.226:2222/' successfully

2018-05-10 16:22:35 - [TEST_STEP][PASSED] - setText: Text 'user' is set on object 'Object Repository/PasswordEmpty/Page_ProjectBackend/input_username'

2018-05-10 16:22:36 - [MESSAGE][PASSED] - Text 'user' is set on object 'Object Repository/PasswordEmpty/Page_ProjectBackend/input_username'

2018-05-10 16:22:36 - [TEST_STEP][PASSED] - click: Object: 'Object Repository/PasswordEmpty/Page_ProjectBackend/button_Login' is clicked on

2018-05-10 16:22:36 - [MESSAGE][PASSED] - Object: 'Object Repository/PasswordEmpty/Page_ProjectBackend/button_Login' is clicked on

2018-05-10 16:22:36 - [TEST_STEP][PASSED] - click: Object: 'Object Repository/PasswordEmpty/Page_ProjectBackend/label_Password is required' is clicked on

2018-05-10 16:22:36 - [MESSAGE][PASSED] - Object: 'Object Repository/PasswordEmpty/Page_ProjectBackend/label_Password is required' is clicked on

2018-05-10 16:22:36 - [TEST_STEP][PASSED] - closeBrowser: Browser is closed

2018-05-10 16:22:37 - [MESSAGE][PASSED] - Browser is closed]]></system-out>
         <system-err><![CDATA[]]></system-err>
      </testcase>
      <system-out><![CDATA[2018-05-10 16:20:08 - [TEST_SUITE][FAILED] - TestSuiteLogin: Test Cases/TestCaseLoginUser FAILED because (of) Unable to click on object 'Object Repository/LoginUser/Page_ProjectBackend/a_Carts' (Root cause: org.openqa.selenium.NoSuchWindowException: no such window: target window already closed
from unknown error: web view not found
  (Session info: chrome=66.0.3359.139)
  (Driver info: chromedriver=2.35.528161 (5b82f2d2aae0ca24b877009200ced9065a772e73),platform=Windows NT 10.0.16299 x86_64) (WARNING: The server did not provide any stacktrace information)
Command duration or timeout: 0 milliseconds
Build info: version: '3.7.1', revision: '8a0099a', time: '2017-11-06T21:07:36.161Z'
System info: host: 'DESKTOP-OR7KM58', ip: '172.20.241.177', os.name: 'Windows 10', os.arch: 'amd64', os.version: '10.0', java.version: '1.8.0_102'
Driver info: com.kms.katalon.selenium.driver.CChromeDriver
Capabilities {acceptInsecureCerts: false, acceptSslCerts: false, applicationCacheEnabled: false, browserConnectionEnabled: false, browserName: chrome, chrome: {chromedriverVersion: 2.35.528161 (5b82f2d2aae0ca..., userDataDir: C:\Users\LNV\AppData\Local\...}, cssSelectorsEnabled: true, databaseEnabled: false, handlesAlerts: true, hasTouchScreen: false, javascriptEnabled: true, locationContextEnabled: true, mobileEmulationEnabled: false, nativeEvents: true, networkConnectionEnabled: false, pageLoadStrategy: normal, platform: XP, platformName: XP, rotatable: false, setWindowRect: true, takesHeapSnapshot: true, takesScreenshot: true, unexpectedAlertBehaviour: , unhandledPromptBehavior: , version: 66.0.3359.139, webStorageEnabled: true}
Session ID: d6a52d2182e30bb6f89def3eed166f60
*** Element info: {Using=xpath, value=//a[@href = '/cart' and (text() = 'Carts
            
          ' or . = 'Carts
            
          ')]})]]></system-out>
      <system-err><![CDATA[2018-05-10 16:20:08 - [TEST_SUITE][FAILED] - TestSuiteLogin: Test Cases/TestCaseLoginUser FAILED because (of) Unable to click on object 'Object Repository/LoginUser/Page_ProjectBackend/a_Carts' (Root cause: org.openqa.selenium.NoSuchWindowException: no such window: target window already closed
from unknown error: web view not found
  (Session info: chrome=66.0.3359.139)
  (Driver info: chromedriver=2.35.528161 (5b82f2d2aae0ca24b877009200ced9065a772e73),platform=Windows NT 10.0.16299 x86_64) (WARNING: The server did not provide any stacktrace information)
Command duration or timeout: 0 milliseconds
Build info: version: '3.7.1', revision: '8a0099a', time: '2017-11-06T21:07:36.161Z'
System info: host: 'DESKTOP-OR7KM58', ip: '172.20.241.177', os.name: 'Windows 10', os.arch: 'amd64', os.version: '10.0', java.version: '1.8.0_102'
Driver info: com.kms.katalon.selenium.driver.CChromeDriver
Capabilities {acceptInsecureCerts: false, acceptSslCerts: false, applicationCacheEnabled: false, browserConnectionEnabled: false, browserName: chrome, chrome: {chromedriverVersion: 2.35.528161 (5b82f2d2aae0ca..., userDataDir: C:\Users\LNV\AppData\Local\...}, cssSelectorsEnabled: true, databaseEnabled: false, handlesAlerts: true, hasTouchScreen: false, javascriptEnabled: true, locationContextEnabled: true, mobileEmulationEnabled: false, nativeEvents: true, networkConnectionEnabled: false, pageLoadStrategy: normal, platform: XP, platformName: XP, rotatable: false, setWindowRect: true, takesHeapSnapshot: true, takesScreenshot: true, unexpectedAlertBehaviour: , unhandledPromptBehavior: , version: 66.0.3359.139, webStorageEnabled: true}
Session ID: d6a52d2182e30bb6f89def3eed166f60
*** Element info: {Using=xpath, value=//a[@href = '/cart' and (text() = 'Carts
            
          ' or . = 'Carts
            
          ')]})]]></system-err>
   </testsuite>
</testsuites>
